{"C:\\Users\\sskut\\Desktop\\test-frontend(UPD)\\src\\app\\layout.tsx": {"path":"C:\\Users\\sskut\\Desktop\\test-frontend(UPD)\\src\\app\\layout.tsx","statementMap":{"0":{"start":{"line":28,"column":24},"end":{"line":28,"column":35}},"1":{"start":{"line":7,"column":13},"end":{"line":7,"column":21}},"2":{"start":{"line":2,"column":22},"end":{"line":2,"column":null}},"3":{"start":{"line":3,"column":7},"end":{"line":3,"column":null}},"4":{"start":{"line":5,"column":14},"end":{"line":5,"column":null}},"5":{"start":{"line":7,"column":34},"end":{"line":26,"column":null}}},"fnMap":{"0":{"name":"RootLayout","decl":{"start":{"line":28,"column":24},"end":{"line":28,"column":35}},"loc":{"start":{"line":32,"column":1},"end":{"line":38,"column":1}}}},"branchMap":{},"s":{"0":0,"1":0,"2":0,"3":0,"4":0,"5":0},"f":{"0":0},"b":{}}
,"C:\\Users\\sskut\\Desktop\\test-frontend(UPD)\\src\\app\\page.tsx": {"path":"C:\\Users\\sskut\\Desktop\\test-frontend(UPD)\\src\\app\\page.tsx","statementMap":{"0":{"start":{"line":14,"column":24},"end":{"line":14,"column":null}},"1":{"start":{"line":3,"column":26},"end":{"line":3,"column":null}},"2":{"start":{"line":4,"column":19},"end":{"line":4,"column":null}},"3":{"start":{"line":5,"column":24},"end":{"line":5,"column":null}},"4":{"start":{"line":6,"column":28},"end":{"line":6,"column":null}},"5":{"start":{"line":7,"column":26},"end":{"line":7,"column":null}},"6":{"start":{"line":8,"column":19},"end":{"line":8,"column":null}},"7":{"start":{"line":9,"column":26},"end":{"line":9,"column":null}},"8":{"start":{"line":10,"column":25},"end":{"line":10,"column":null}},"9":{"start":{"line":11,"column":22},"end":{"line":11,"column":null}},"10":{"start":{"line":12,"column":37},"end":{"line":12,"column":null}},"11":{"start":{"line":15,"column":2},"end":{"line":17,"column":null}},"12":{"start":{"line":16,"column":4},"end":{"line":16,"column":null}}},"fnMap":{"0":{"name":"Home","decl":{"start":{"line":14,"column":24},"end":{"line":14,"column":null}},"loc":{"start":{"line":14,"column":24},"end":{"line":40,"column":null}}},"1":{"name":"(anonymous_3)","decl":{"start":{"line":15,"column":12},"end":{"line":15,"column":null}},"loc":{"start":{"line":15,"column":12},"end":{"line":17,"column":5}}}},"branchMap":{},"s":{"0":0,"1":0,"2":0,"3":0,"4":0,"5":0,"6":0,"7":0,"8":0,"9":0,"10":0,"11":0,"12":0},"f":{"0":0,"1":0},"b":{}}
,"C:\\Users\\sskut\\Desktop\\test-frontend(UPD)\\src\\components\\Carousel\\CarouselSection.tsx": {"path":"C:\\Users\\sskut\\Desktop\\test-frontend(UPD)\\src\\components\\Carousel\\CarouselSection.tsx","statementMap":{"0":{"start":{"line":148,"column":0},"end":{"line":148,"column":15}},"1":{"start":{"line":3,"column":43},"end":{"line":3,"column":null}},"2":{"start":{"line":4,"column":47},"end":{"line":4,"column":null}},"3":{"start":{"line":5,"column":30},"end":{"line":5,"column":null}},"4":{"start":{"line":6,"column":36},"end":{"line":6,"column":null}},"5":{"start":{"line":7,"column":49},"end":{"line":7,"column":null}},"6":{"start":{"line":8,"column":22},"end":{"line":8,"column":null}},"7":{"start":{"line":9,"column":20},"end":{"line":9,"column":null}},"8":{"start":{"line":10,"column":36},"end":{"line":10,"column":null}},"9":{"start":{"line":11,"column":19},"end":{"line":11,"column":null}},"10":{"start":{"line":12,"column":7},"end":{"line":12,"column":null}},"11":{"start":{"line":13,"column":7},"end":{"line":13,"column":null}},"12":{"start":{"line":14,"column":7},"end":{"line":14,"column":null}},"13":{"start":{"line":16,"column":24},"end":{"line":146,"column":null}},"14":{"start":{"line":17,"column":19},"end":{"line":17,"column":null}},"15":{"start":{"line":18,"column":36},"end":{"line":18,"column":null}},"16":{"start":{"line":18,"column":62},"end":{"line":18,"column":71}},"17":{"start":{"line":19,"column":21},"end":{"line":19,"column":null}},"18":{"start":{"line":20,"column":20},"end":{"line":20,"column":null}},"19":{"start":{"line":23,"column":22},"end":{"line":32,"column":null}},"20":{"start":{"line":24,"column":4},"end":{"line":26,"column":null}},"21":{"start":{"line":25,"column":6},"end":{"line":25,"column":null}},"22":{"start":{"line":27,"column":4},"end":{"line":31,"column":null}},"23":{"start":{"line":28,"column":19},"end":{"line":28,"column":null}},"24":{"start":{"line":29,"column":19},"end":{"line":29,"column":null}},"25":{"start":{"line":30,"column":6},"end":{"line":30,"column":null}},"26":{"start":{"line":34,"column":2},"end":{"line":36,"column":null}},"27":{"start":{"line":35,"column":4},"end":{"line":35,"column":null}},"28":{"start":{"line":122,"column":12},"end":{"line":122,"column":null}},"29":{"start":{"line":148,"column":15},"end":{"line":148,"column":null}}},"fnMap":{"0":{"name":"(anonymous_2)","decl":{"start":{"line":16,"column":24},"end":{"line":16,"column":null}},"loc":{"start":{"line":16,"column":24},"end":{"line":146,"column":null}}},"1":{"name":"(anonymous_3)","decl":{"start":{"line":18,"column":51},"end":{"line":18,"column":52}},"loc":{"start":{"line":18,"column":62},"end":{"line":18,"column":71}}},"2":{"name":"(anonymous_4)","decl":{"start":{"line":23,"column":30},"end":{"line":23,"column":null}},"loc":{"start":{"line":23,"column":30},"end":{"line":32,"column":5}}},"3":{"name":"(anonymous_5)","decl":{"start":{"line":27,"column":27},"end":{"line":27,"column":28}},"loc":{"start":{"line":27,"column":31},"end":{"line":31,"column":null}}},"4":{"name":"(anonymous_6)","decl":{"start":{"line":34,"column":12},"end":{"line":34,"column":null}},"loc":{"start":{"line":34,"column":12},"end":{"line":36,"column":5}}},"5":{"name":"(anonymous_7)","decl":{"start":{"line":121,"column":27},"end":{"line":121,"column":28}},"loc":{"start":{"line":122,"column":12},"end":{"line":122,"column":null}}}},"branchMap":{"0":{"loc":{"start":{"line":24,"column":4},"end":{"line":26,"column":null}},"type":"if","locations":[{"start":{"line":24,"column":4},"end":{"line":26,"column":null}},{"start":{},"end":{}}]},"1":{"loc":{"start":{"line":24,"column":8},"end":{"line":24,"column":41}},"type":"binary-expr","locations":[{"start":{"line":24,"column":8},"end":{"line":24,"column":18}},{"start":{"line":24,"column":18},"end":{"line":24,"column":41}}]},"2":{"loc":{"start":{"line":41,"column":39},"end":{"line":41,"column":71}},"type":"cond-expr","locations":[{"start":{"line":41,"column":51},"end":{"line":41,"column":65}},{"start":{"line":41,"column":68},"end":{"line":41,"column":71}}]},"3":{"loc":{"start":{"line":48,"column":8},"end":{"line":49,"column":null}},"type":"cond-expr","locations":[{"start":{"line":48,"column":8},"end":{"line":49,"column":null}}]},"4":{"loc":{"start":{"line":50,"column":8},"end":{"line":51,"column":16}},"type":"cond-expr","locations":[{"start":{"line":50,"column":8},"end":{"line":51,"column":16}}]},"5":{"loc":{"start":{"line":52,"column":8},"end":{"line":128,"column":9}},"type":"cond-expr","locations":[{"start":{"line":52,"column":8},"end":{"line":128,"column":9}}]},"6":{"loc":{"start":{"line":131,"column":7},"end":{"line":131,"column":null}},"type":"binary-expr","locations":[{"start":{"line":131,"column":7},"end":{"line":131,"column":null}}]}},"s":{"0":0,"1":0,"2":0,"3":0,"4":0,"5":0,"6":0,"7":0,"8":0,"9":0,"10":0,"11":0,"12":0,"13":0,"14":0,"15":0,"16":0,"17":0,"18":0,"19":0,"20":0,"21":0,"22":0,"23":0,"24":0,"25":0,"26":0,"27":0,"28":0,"29":0},"f":{"0":0,"1":0,"2":0,"3":0,"4":0,"5":0},"b":{"0":[0,0],"1":[0,0],"2":[0,0],"3":[0],"4":[0],"5":[0],"6":[0]}}
,"C:\\Users\\sskut\\Desktop\\test-frontend(UPD)\\src\\components\\Carousel\\NFTCard.tsx": {"path":"C:\\Users\\sskut\\Desktop\\test-frontend(UPD)\\src\\components\\Carousel\\NFTCard.tsx","statementMap":{"0":{"start":{"line":134,"column":0},"end":{"line":134,"column":15}},"1":{"start":{"line":3,"column":36},"end":{"line":3,"column":null}},"2":{"start":{"line":4,"column":22},"end":{"line":4,"column":null}},"3":{"start":{"line":5,"column":19},"end":{"line":5,"column":null}},"4":{"start":{"line":7,"column":36},"end":{"line":7,"column":null}},"5":{"start":{"line":13,"column":18},"end":{"line":22,"column":null}},"6":{"start":{"line":24,"column":16},"end":{"line":130,"column":null}},"7":{"start":{"line":25,"column":34},"end":{"line":25,"column":null}},"8":{"start":{"line":26,"column":46},"end":{"line":26,"column":null}},"9":{"start":{"line":27,"column":36},"end":{"line":27,"column":null}},"10":{"start":{"line":28,"column":30},"end":{"line":28,"column":null}},"11":{"start":{"line":30,"column":2},"end":{"line":33,"column":null}},"12":{"start":{"line":31,"column":24},"end":{"line":31,"column":null}},"13":{"start":{"line":32,"column":4},"end":{"line":32,"column":null}},"14":{"start":{"line":35,"column":2},"end":{"line":58,"column":null}},"15":{"start":{"line":36,"column":30},"end":{"line":52,"column":null}},"16":{"start":{"line":37,"column":18},"end":{"line":37,"column":null}},"17":{"start":{"line":38,"column":18},"end":{"line":38,"column":null}},"18":{"start":{"line":39,"column":25},"end":{"line":39,"column":null}},"19":{"start":{"line":41,"column":6},"end":{"line":51,"column":null}},"20":{"start":{"line":42,"column":22},"end":{"line":42,"column":null}},"21":{"start":{"line":43,"column":24},"end":{"line":43,"column":null}},"22":{"start":{"line":44,"column":24},"end":{"line":44,"column":null}},"23":{"start":{"line":46,"column":8},"end":{"line":47,"column":null}},"24":{"start":{"line":50,"column":8},"end":{"line":50,"column":null}},"25":{"start":{"line":54,"column":4},"end":{"line":54,"column":null}},"26":{"start":{"line":55,"column":21},"end":{"line":55,"column":null}},"27":{"start":{"line":57,"column":4},"end":{"line":57,"column":null}},"28":{"start":{"line":57,"column":17},"end":{"line":57,"column":null}},"29":{"start":{"line":61,"column":2},"end":{"line":100,"column":null}},"30":{"start":{"line":62,"column":22},"end":{"line":62,"column":null}},"31":{"start":{"line":64,"column":20},"end":{"line":64,"column":26}},"32":{"start":{"line":66,"column":4},"end":{"line":83,"column":null}},"33":{"start":{"line":68,"column":8},"end":{"line":74,"column":null}},"34":{"start":{"line":69,"column":10},"end":{"line":69,"column":null}},"35":{"start":{"line":71,"column":30},"end":{"line":71,"column":59}},"36":{"start":{"line":72,"column":27},"end":{"line":72,"column":null}},"37":{"start":{"line":73,"column":10},"end":{"line":73,"column":null}},"38":{"start":{"line":77,"column":8},"end":{"line":79,"column":null}},"39":{"start":{"line":78,"column":10},"end":{"line":78,"column":null}},"40":{"start":{"line":80,"column":8},"end":{"line":82,"column":null}},"41":{"start":{"line":81,"column":10},"end":{"line":81,"column":null}},"42":{"start":{"line":87,"column":4},"end":{"line":93,"column":null}},"43":{"start":{"line":88,"column":6},"end":{"line":92,"column":null}},"44":{"start":{"line":89,"column":28},"end":{"line":89,"column":null}},"45":{"start":{"line":90,"column":25},"end":{"line":90,"column":null}},"46":{"start":{"line":91,"column":8},"end":{"line":91,"column":null}},"47":{"start":{"line":95,"column":4},"end":{"line":99,"column":null}},"48":{"start":{"line":96,"column":6},"end":{"line":96,"column":null}},"49":{"start":{"line":97,"column":6},"end":{"line":97,"column":null}},"50":{"start":{"line":98,"column":6},"end":{"line":98,"column":null}},"51":{"start":{"line":134,"column":15},"end":{"line":141,"column":null}},"52":{"start":{"line":136,"column":2},"end":{"line":139,"column":null}}},"fnMap":{"0":{"name":"(anonymous_2)","decl":{"start":{"line":24,"column":16},"end":{"line":24,"column":17}},"loc":{"start":{"line":24,"column":38},"end":{"line":130,"column":null}}},"1":{"name":"(anonymous_3)","decl":{"start":{"line":30,"column":12},"end":{"line":30,"column":null}},"loc":{"start":{"line":30,"column":12},"end":{"line":33,"column":5}}},"2":{"name":"(anonymous_4)","decl":{"start":{"line":35,"column":12},"end":{"line":35,"column":null}},"loc":{"start":{"line":35,"column":12},"end":{"line":58,"column":5}}},"3":{"name":"(anonymous_5)","decl":{"start":{"line":36,"column":30},"end":{"line":36,"column":null}},"loc":{"start":{"line":36,"column":30},"end":{"line":52,"column":null}}},"4":{"name":"(anonymous_6)","decl":{"start":{"line":57,"column":11},"end":{"line":57,"column":17}},"loc":{"start":{"line":57,"column":17},"end":{"line":57,"column":null}}},"5":{"name":"(anonymous_7)","decl":{"start":{"line":61,"column":12},"end":{"line":61,"column":null}},"loc":{"start":{"line":61,"column":12},"end":{"line":100,"column":5}}},"6":{"name":"(anonymous_8)","decl":{"start":{"line":67,"column":6},"end":{"line":67,"column":7}},"loc":{"start":{"line":67,"column":7},"end":{"line":75,"column":null}}},"7":{"name":"(anonymous_9)","decl":{"start":{"line":76,"column":6},"end":{"line":76,"column":7}},"loc":{"start":{"line":76,"column":7},"end":{"line":83,"column":null}}},"8":{"name":"(anonymous_10)","decl":{"start":{"line":87,"column":33},"end":{"line":87,"column":null}},"loc":{"start":{"line":87,"column":33},"end":{"line":93,"column":7}}},"9":{"name":"(anonymous_11)","decl":{"start":{"line":95,"column":11},"end":{"line":95,"column":null}},"loc":{"start":{"line":95,"column":11},"end":{"line":99,"column":null}}},"10":{"name":"(anonymous_12)","decl":{"start":{"line":134,"column":29},"end":{"line":134,"column":30}},"loc":{"start":{"line":134,"column":41},"end":{"line":141,"column":null}}}},"branchMap":{"0":{"loc":{"start":{"line":41,"column":6},"end":{"line":51,"column":null}},"type":"if","locations":[{"start":{"line":41,"column":6},"end":{"line":51,"column":null}},{"start":{"line":49,"column":13},"end":{"line":51,"column":null}}]},"1":{"loc":{"start":{"line":68,"column":8},"end":{"line":74,"column":null}},"type":"if","locations":[{"start":{"line":68,"column":8},"end":{"line":74,"column":null}},{"start":{},"end":{}}]},"2":{"loc":{"start":{"line":68,"column":12},"end":{"line":68,"column":38}},"type":"binary-expr","locations":[{"start":{"line":68,"column":12},"end":{"line":68,"column":25}},{"start":{"line":68,"column":25},"end":{"line":68,"column":38}}]},"3":{"loc":{"start":{"line":77,"column":8},"end":{"line":79,"column":null}},"type":"if","locations":[{"start":{"line":77,"column":8},"end":{"line":79,"column":null}},{"start":{},"end":{}}]},"4":{"loc":{"start":{"line":80,"column":8},"end":{"line":82,"column":null}},"type":"if","locations":[{"start":{"line":80,"column":8},"end":{"line":82,"column":null}},{"start":{},"end":{}}]},"5":{"loc":{"start":{"line":88,"column":6},"end":{"line":92,"column":null}},"type":"if","locations":[{"start":{"line":88,"column":6},"end":{"line":92,"column":null}},{"start":{},"end":{}}]},"6":{"loc":{"start":{"line":88,"column":10},"end":{"line":88,"column":49}},"type":"binary-expr","locations":[{"start":{"line":88,"column":10},"end":{"line":88,"column":23}},{"start":{"line":88,"column":23},"end":{"line":88,"column":49}}]},"7":{"loc":{"start":{"line":105,"column":9},"end":{"line":105,"column":null}},"type":"binary-expr","locations":[{"start":{"line":105,"column":9},"end":{"line":105,"column":null}}]},"8":{"loc":{"start":{"line":120,"column":15},"end":{"line":120,"column":25}},"type":"binary-expr","locations":[{"start":{"line":120,"column":15},"end":{"line":120,"column":25}}]},"9":{"loc":{"start":{"line":137,"column":4},"end":{"line":139,"column":51}},"type":"binary-expr","locations":[{"start":{"line":137,"column":4},"end":{"line":137,"column":41}},{"start":{"line":138,"column":4},"end":{"line":138,"column":57}},{"start":{"line":139,"column":4},"end":{"line":139,"column":51}}]}},"s":{"0":4,"1":1,"2":1,"3":1,"4":1,"5":1,"6":1,"7":8,"8":8,"9":8,"10":8,"11":8,"12":4,"13":4,"14":8,"15":4,"16":4,"17":4,"18":4,"19":4,"20":4,"21":4,"22":4,"23":4,"24":0,"25":4,"26":4,"27":4,"28":4,"29":8,"30":4,"31":4,"32":4,"33":0,"34":0,"35":0,"36":0,"37":0,"38":0,"39":0,"40":0,"41":0,"42":4,"43":0,"44":0,"45":0,"46":0,"47":4,"48":4,"49":4,"50":4,"51":1,"52":0},"f":{"0":8,"1":4,"2":4,"3":4,"4":4,"5":4,"6":0,"7":0,"8":0,"9":4,"10":0},"b":{"0":[4,0],"1":[0,0],"2":[0,0],"3":[0,0],"4":[0,0],"5":[0,0],"6":[0,0],"7":[8],"8":[8],"9":[0,0,0]}}
,"C:\\Users\\sskut\\Desktop\\test-frontend(UPD)\\src\\components\\CreateSection\\CreateSection.tsx": {"path":"C:\\Users\\sskut\\Desktop\\test-frontend(UPD)\\src\\components\\CreateSection\\CreateSection.tsx","statementMap":{"0":{"start":{"line":58,"column":0},"end":{"line":58,"column":15}},"1":{"start":{"line":3,"column":44},"end":{"line":3,"column":null}},"2":{"start":{"line":4,"column":22},"end":{"line":4,"column":null}},"3":{"start":{"line":5,"column":36},"end":{"line":5,"column":null}},"4":{"start":{"line":6,"column":19},"end":{"line":6,"column":null}},"5":{"start":{"line":8,"column":22},"end":{"line":56,"column":null}},"6":{"start":{"line":9,"column":21},"end":{"line":9,"column":null}},"7":{"start":{"line":10,"column":20},"end":{"line":10,"column":null}},"8":{"start":{"line":11,"column":48},"end":{"line":11,"column":null}},"9":{"start":{"line":13,"column":2},"end":{"line":27,"column":null}},"10":{"start":{"line":14,"column":25},"end":{"line":20,"column":null}},"11":{"start":{"line":15,"column":6},"end":{"line":19,"column":null}},"12":{"start":{"line":16,"column":8},"end":{"line":16,"column":null}},"13":{"start":{"line":18,"column":8},"end":{"line":18,"column":null}},"14":{"start":{"line":23,"column":4},"end":{"line":23,"column":null}},"15":{"start":{"line":25,"column":4},"end":{"line":25,"column":null}},"16":{"start":{"line":26,"column":4},"end":{"line":26,"column":null}},"17":{"start":{"line":26,"column":17},"end":{"line":26,"column":null}},"18":{"start":{"line":58,"column":15},"end":{"line":58,"column":null}}},"fnMap":{"0":{"name":"(anonymous_2)","decl":{"start":{"line":8,"column":22},"end":{"line":8,"column":null}},"loc":{"start":{"line":8,"column":22},"end":{"line":56,"column":null}}},"1":{"name":"(anonymous_3)","decl":{"start":{"line":13,"column":12},"end":{"line":13,"column":null}},"loc":{"start":{"line":13,"column":12},"end":{"line":27,"column":5}}},"2":{"name":"(anonymous_4)","decl":{"start":{"line":14,"column":25},"end":{"line":14,"column":null}},"loc":{"start":{"line":14,"column":25},"end":{"line":20,"column":null}}},"3":{"name":"(anonymous_5)","decl":{"start":{"line":26,"column":11},"end":{"line":26,"column":17}},"loc":{"start":{"line":26,"column":17},"end":{"line":26,"column":null}}}},"branchMap":{"0":{"loc":{"start":{"line":15,"column":6},"end":{"line":19,"column":null}},"type":"if","locations":[{"start":{"line":15,"column":6},"end":{"line":19,"column":null}},{"start":{"line":17,"column":13},"end":{"line":19,"column":null}}]},"1":{"loc":{"start":{"line":30,"column":68},"end":{"line":30,"column":100}},"type":"cond-expr","locations":[{"start":{"line":30,"column":80},"end":{"line":30,"column":94}},{"start":{"line":30,"column":97},"end":{"line":30,"column":100}}]}},"s":{"0":3,"1":1,"2":1,"3":1,"4":1,"5":1,"6":3,"7":3,"8":3,"9":3,"10":3,"11":3,"12":0,"13":3,"14":3,"15":3,"16":3,"17":3,"18":1},"f":{"0":3,"1":3,"2":3,"3":3},"b":{"0":[0,3],"1":[3,0]}}
,"C:\\Users\\sskut\\Desktop\\test-frontend(UPD)\\src\\components\\Footer\\Footer.tsx": {"path":"C:\\Users\\sskut\\Desktop\\test-frontend(UPD)\\src\\components\\Footer\\Footer.tsx","statementMap":{"0":{"start":{"line":86,"column":0},"end":{"line":86,"column":15}},"1":{"start":{"line":1,"column":22},"end":{"line":1,"column":null}},"2":{"start":{"line":2,"column":19},"end":{"line":2,"column":null}},"3":{"start":{"line":4,"column":15},"end":{"line":84,"column":null}},"4":{"start":{"line":86,"column":15},"end":{"line":86,"column":null}}},"fnMap":{"0":{"name":"(anonymous_2)","decl":{"start":{"line":4,"column":15},"end":{"line":4,"column":null}},"loc":{"start":{"line":4,"column":15},"end":{"line":84,"column":null}}}},"branchMap":{},"s":{"0":3,"1":1,"2":1,"3":1,"4":1},"f":{"0":3},"b":{}}
,"C:\\Users\\sskut\\Desktop\\test-frontend(UPD)\\src\\components\\Header\\BurgerMenu.tsx": {"path":"C:\\Users\\sskut\\Desktop\\test-frontend(UPD)\\src\\components\\Header\\BurgerMenu.tsx","statementMap":{"0":{"start":{"line":55,"column":0},"end":{"line":55,"column":15}},"1":{"start":{"line":3,"column":26},"end":{"line":3,"column":null}},"2":{"start":{"line":4,"column":22},"end":{"line":4,"column":null}},"3":{"start":{"line":5,"column":19},"end":{"line":5,"column":null}},"4":{"start":{"line":12,"column":19},"end":{"line":53,"column":null}},"5":{"start":{"line":14,"column":2},"end":{"line":20,"column":null}},"6":{"start":{"line":15,"column":4},"end":{"line":19,"column":null}},"7":{"start":{"line":16,"column":6},"end":{"line":16,"column":null}},"8":{"start":{"line":18,"column":6},"end":{"line":18,"column":null}},"9":{"start":{"line":55,"column":15},"end":{"line":55,"column":null}}},"fnMap":{"0":{"name":"(anonymous_2)","decl":{"start":{"line":12,"column":19},"end":{"line":12,"column":20}},"loc":{"start":{"line":12,"column":56},"end":{"line":53,"column":null}}},"1":{"name":"(anonymous_3)","decl":{"start":{"line":14,"column":12},"end":{"line":14,"column":null}},"loc":{"start":{"line":14,"column":12},"end":{"line":20,"column":5}}}},"branchMap":{"0":{"loc":{"start":{"line":15,"column":4},"end":{"line":19,"column":null}},"type":"if","locations":[{"start":{"line":15,"column":4},"end":{"line":19,"column":null}},{"start":{"line":17,"column":11},"end":{"line":19,"column":null}}]},"1":{"loc":{"start":{"line":23,"column":38},"end":{"line":23,"column":64}},"type":"cond-expr","locations":[{"start":{"line":23,"column":47},"end":{"line":23,"column":58}},{"start":{"line":23,"column":61},"end":{"line":23,"column":64}}]}},"s":{"0":6,"1":1,"2":1,"3":1,"4":1,"5":6,"6":5,"7":1,"8":4,"9":1},"f":{"0":6,"1":5},"b":{"0":[1,4],"1":[1,5]}}
,"C:\\Users\\sskut\\Desktop\\test-frontend(UPD)\\src\\components\\Header\\Header.tsx": {"path":"C:\\Users\\sskut\\Desktop\\test-frontend(UPD)\\src\\components\\Header\\Header.tsx","statementMap":{"0":{"start":{"line":92,"column":0},"end":{"line":92,"column":15}},"1":{"start":{"line":3,"column":36},"end":{"line":3,"column":null}},"2":{"start":{"line":4,"column":22},"end":{"line":4,"column":null}},"3":{"start":{"line":5,"column":19},"end":{"line":5,"column":null}},"4":{"start":{"line":6,"column":23},"end":{"line":6,"column":null}},"5":{"start":{"line":8,"column":15},"end":{"line":90,"column":null}},"6":{"start":{"line":9,"column":38},"end":{"line":9,"column":null}},"7":{"start":{"line":10,"column":50},"end":{"line":10,"column":null}},"8":{"start":{"line":12,"column":2},"end":{"line":19,"column":null}},"9":{"start":{"line":13,"column":25},"end":{"line":15,"column":null}},"10":{"start":{"line":14,"column":6},"end":{"line":14,"column":null}},"11":{"start":{"line":17,"column":4},"end":{"line":17,"column":null}},"12":{"start":{"line":18,"column":4},"end":{"line":18,"column":null}},"13":{"start":{"line":18,"column":17},"end":{"line":18,"column":null}},"14":{"start":{"line":21,"column":27},"end":{"line":23,"column":null}},"15":{"start":{"line":22,"column":4},"end":{"line":22,"column":null}},"16":{"start":{"line":92,"column":15},"end":{"line":92,"column":null}}},"fnMap":{"0":{"name":"(anonymous_2)","decl":{"start":{"line":8,"column":15},"end":{"line":8,"column":null}},"loc":{"start":{"line":8,"column":15},"end":{"line":90,"column":null}}},"1":{"name":"(anonymous_3)","decl":{"start":{"line":12,"column":12},"end":{"line":12,"column":null}},"loc":{"start":{"line":12,"column":12},"end":{"line":19,"column":5}}},"2":{"name":"(anonymous_4)","decl":{"start":{"line":13,"column":25},"end":{"line":13,"column":null}},"loc":{"start":{"line":13,"column":25},"end":{"line":15,"column":null}}},"3":{"name":"(anonymous_5)","decl":{"start":{"line":18,"column":11},"end":{"line":18,"column":17}},"loc":{"start":{"line":18,"column":17},"end":{"line":18,"column":null}}},"4":{"name":"(anonymous_6)","decl":{"start":{"line":21,"column":27},"end":{"line":21,"column":null}},"loc":{"start":{"line":21,"column":27},"end":{"line":23,"column":null}}}},"branchMap":{"0":{"loc":{"start":{"line":27,"column":45},"end":{"line":27,"column":79}},"type":"cond-expr","locations":[{"start":{"line":27,"column":58},"end":{"line":27,"column":73}},{"start":{"line":27,"column":76},"end":{"line":27,"column":79}}]},"1":{"loc":{"start":{"line":72,"column":26},"end":{"line":72,"column":null}},"type":"cond-expr","locations":[{"start":{"line":72,"column":45},"end":{"line":72,"column":60}},{"start":{"line":72,"column":60},"end":{"line":72,"column":null}}]},"2":{"loc":{"start":{"line":75,"column":16},"end":{"line":77,"column":17}},"type":"cond-expr","locations":[{"start":{"line":75,"column":16},"end":{"line":77,"column":17}}]}},"s":{"0":4,"1":1,"2":1,"3":1,"4":1,"5":1,"6":6,"7":6,"8":6,"9":4,"10":1,"11":4,"12":4,"13":4,"14":6,"15":1,"16":1},"f":{"0":6,"1":4,"2":1,"3":4,"4":1},"b":{"0":[1,5],"1":[1,5],"2":[1]}}
,"C:\\Users\\sskut\\Desktop\\test-frontend(UPD)\\src\\components\\Hero\\AnimatedCounter.tsx": {"path":"C:\\Users\\sskut\\Desktop\\test-frontend(UPD)\\src\\components\\Hero\\AnimatedCounter.tsx","statementMap":{"0":{"start":{"line":63,"column":0},"end":{"line":63,"column":15}},"1":{"start":{"line":3,"column":44},"end":{"line":3,"column":null}},"2":{"start":{"line":12,"column":24},"end":{"line":61,"column":null}},"3":{"start":{"line":18,"column":28},"end":{"line":18,"column":null}},"4":{"start":{"line":19,"column":21},"end":{"line":19,"column":null}},"5":{"start":{"line":20,"column":23},"end":{"line":20,"column":null}},"6":{"start":{"line":21,"column":22},"end":{"line":21,"column":null}},"7":{"start":{"line":23,"column":2},"end":{"line":53,"column":null}},"8":{"start":{"line":24,"column":4},"end":{"line":24,"column":null}},"9":{"start":{"line":24,"column":29},"end":{"line":24,"column":null}},"10":{"start":{"line":26,"column":20},"end":{"line":44,"column":null}},"11":{"start":{"line":27,"column":6},"end":{"line":29,"column":null}},"12":{"start":{"line":28,"column":8},"end":{"line":28,"column":null}},"13":{"start":{"line":31,"column":23},"end":{"line":31,"column":55}},"14":{"start":{"line":32,"column":25},"end":{"line":32,"column":null}},"15":{"start":{"line":35,"column":20},"end":{"line":35,"column":null}},"16":{"start":{"line":37,"column":6},"end":{"line":37,"column":null}},"17":{"start":{"line":39,"column":6},"end":{"line":43,"column":null}},"18":{"start":{"line":40,"column":8},"end":{"line":40,"column":null}},"19":{"start":{"line":42,"column":8},"end":{"line":42,"column":null}},"20":{"start":{"line":46,"column":4},"end":{"line":46,"column":null}},"21":{"start":{"line":48,"column":4},"end":{"line":52,"column":null}},"22":{"start":{"line":49,"column":6},"end":{"line":51,"column":null}},"23":{"start":{"line":50,"column":8},"end":{"line":50,"column":null}},"24":{"start":{"line":63,"column":15},"end":{"line":63,"column":null}}},"fnMap":{"0":{"name":"(anonymous_1)","decl":{"start":{"line":12,"column":24},"end":{"line":12,"column":25}},"loc":{"start":{"line":17,"column":23},"end":{"line":61,"column":null}}},"1":{"name":"(anonymous_2)","decl":{"start":{"line":23,"column":12},"end":{"line":23,"column":null}},"loc":{"start":{"line":23,"column":12},"end":{"line":53,"column":5}}},"2":{"name":"(anonymous_3)","decl":{"start":{"line":26,"column":20},"end":{"line":26,"column":21}},"loc":{"start":{"line":26,"column":21},"end":{"line":44,"column":null}}},"3":{"name":"(anonymous_4)","decl":{"start":{"line":48,"column":11},"end":{"line":48,"column":null}},"loc":{"start":{"line":48,"column":11},"end":{"line":52,"column":null}}}},"branchMap":{"0":{"loc":{"start":{"line":14,"column":2},"end":{"line":14,"column":17}},"type":"default-arg","locations":[{"start":{"line":14,"column":13},"end":{"line":14,"column":17}}]},"1":{"loc":{"start":{"line":15,"column":2},"end":{"line":15,"column":13}},"type":"default-arg","locations":[{"start":{"line":15,"column":11},"end":{"line":15,"column":13}}]},"2":{"loc":{"start":{"line":24,"column":4},"end":{"line":24,"column":null}},"type":"if","locations":[{"start":{"line":24,"column":4},"end":{"line":24,"column":null}},{"start":{},"end":{}}]},"3":{"loc":{"start":{"line":27,"column":6},"end":{"line":29,"column":null}},"type":"if","locations":[{"start":{"line":27,"column":6},"end":{"line":29,"column":null}},{"start":{},"end":{}}]},"4":{"loc":{"start":{"line":39,"column":6},"end":{"line":43,"column":null}},"type":"if","locations":[{"start":{"line":39,"column":6},"end":{"line":43,"column":null}},{"start":{"line":41,"column":13},"end":{"line":43,"column":null}}]},"5":{"loc":{"start":{"line":49,"column":6},"end":{"line":51,"column":null}},"type":"if","locations":[{"start":{"line":49,"column":6},"end":{"line":51,"column":null}},{"start":{},"end":{}}]}},"s":{"0":2,"1":1,"2":1,"3":4,"4":4,"5":4,"6":4,"7":4,"8":2,"9":0,"10":2,"11":31,"12":2,"13":31,"14":31,"15":31,"16":31,"17":31,"18":29,"19":2,"20":2,"21":2,"22":2,"23":2,"24":1},"f":{"0":4,"1":2,"2":31,"3":2},"b":{"0":[0],"1":[2],"2":[0,2],"3":[2,29],"4":[29,2],"5":[2,0]}}
,"C:\\Users\\sskut\\Desktop\\test-frontend(UPD)\\src\\components\\Hero\\HeroSection.tsx": {"path":"C:\\Users\\sskut\\Desktop\\test-frontend(UPD)\\src\\components\\Hero\\HeroSection.tsx","statementMap":{"0":{"start":{"line":265,"column":0},"end":{"line":265,"column":15}},"1":{"start":{"line":3,"column":34},"end":{"line":3,"column":null}},"2":{"start":{"line":4,"column":22},"end":{"line":4,"column":null}},"3":{"start":{"line":5,"column":21},"end":{"line":5,"column":null}},"4":{"start":{"line":6,"column":36},"end":{"line":6,"column":null}},"5":{"start":{"line":7,"column":19},"end":{"line":7,"column":null}},"6":{"start":{"line":8,"column":28},"end":{"line":8,"column":null}},"7":{"start":{"line":9,"column":28},"end":{"line":9,"column":null}},"8":{"start":{"line":11,"column":20},"end":{"line":263,"column":null}},"9":{"start":{"line":12,"column":18},"end":{"line":12,"column":null}},"10":{"start":{"line":13,"column":20},"end":{"line":13,"column":null}},"11":{"start":{"line":15,"column":2},"end":{"line":109,"column":null}},"12":{"start":{"line":16,"column":4},"end":{"line":16,"column":null}},"13":{"start":{"line":16,"column":20},"end":{"line":16,"column":null}},"14":{"start":{"line":19,"column":21},"end":{"line":19,"column":null}},"15":{"start":{"line":22,"column":19},"end":{"line":25,"column":null}},"16":{"start":{"line":27,"column":22},"end":{"line":46,"column":null}},"17":{"start":{"line":48,"column":15},"end":{"line":50,"column":null}},"18":{"start":{"line":52,"column":4},"end":{"line":67,"column":null}},"19":{"start":{"line":71,"column":4},"end":{"line":78,"column":null}},"20":{"start":{"line":72,"column":6},"end":{"line":76,"column":null}},"21":{"start":{"line":81,"column":4},"end":{"line":97,"column":null}},"22":{"start":{"line":100,"column":4},"end":{"line":104,"column":null}},"23":{"start":{"line":101,"column":6},"end":{"line":103,"column":null}},"24":{"start":{"line":102,"column":8},"end":{"line":102,"column":null}},"25":{"start":{"line":106,"column":4},"end":{"line":108,"column":null}},"26":{"start":{"line":107,"column":6},"end":{"line":107,"column":null}},"27":{"start":{"line":265,"column":15},"end":{"line":265,"column":null}}},"fnMap":{"0":{"name":"(anonymous_2)","decl":{"start":{"line":11,"column":20},"end":{"line":11,"column":null}},"loc":{"start":{"line":11,"column":20},"end":{"line":263,"column":null}}},"1":{"name":"(anonymous_3)","decl":{"start":{"line":15,"column":12},"end":{"line":15,"column":null}},"loc":{"start":{"line":15,"column":12},"end":{"line":109,"column":5}}},"2":{"name":"(anonymous_4)","decl":{"start":{"line":100,"column":35},"end":{"line":100,"column":null}},"loc":{"start":{"line":100,"column":35},"end":{"line":104,"column":null}}},"3":{"name":"(anonymous_5)","decl":{"start":{"line":106,"column":11},"end":{"line":106,"column":null}},"loc":{"start":{"line":106,"column":11},"end":{"line":108,"column":null}}}},"branchMap":{"0":{"loc":{"start":{"line":16,"column":4},"end":{"line":16,"column":null}},"type":"if","locations":[{"start":{"line":16,"column":4},"end":{"line":16,"column":null}},{"start":{},"end":{}}]},"1":{"loc":{"start":{"line":27,"column":22},"end":{"line":46,"column":null}},"type":"cond-expr","locations":[{"start":{"line":28,"column":8},"end":{"line":36,"column":null}},{"start":{"line":37,"column":8},"end":{"line":46,"column":null}}]},"2":{"loc":{"start":{"line":71,"column":4},"end":{"line":78,"column":null}},"type":"if","locations":[{"start":{"line":71,"column":4},"end":{"line":78,"column":null}},{"start":{},"end":{}}]},"3":{"loc":{"start":{"line":71,"column":8},"end":{"line":71,"column":45}},"type":"binary-expr","locations":[{"start":{"line":71,"column":8},"end":{"line":71,"column":21}},{"start":{"line":71,"column":21},"end":{"line":71,"column":45}}]},"4":{"loc":{"start":{"line":101,"column":6},"end":{"line":103,"column":null}},"type":"if","locations":[{"start":{"line":101,"column":6},"end":{"line":103,"column":null}},{"start":{},"end":{}}]}},"s":{"0":0,"1":0,"2":0,"3":0,"4":0,"5":0,"6":0,"7":0,"8":0,"9":0,"10":0,"11":0,"12":0,"13":0,"14":0,"15":0,"16":0,"17":0,"18":0,"19":0,"20":0,"21":0,"22":0,"23":0,"24":0,"25":0,"26":0,"27":0},"f":{"0":0,"1":0,"2":0,"3":0},"b":{"0":[0,0],"1":[0,0],"2":[0,0],"3":[0,0],"4":[0,0]}}
,"C:\\Users\\sskut\\Desktop\\test-frontend(UPD)\\src\\components\\Hero\\ParticlesCanvas.tsx": {"path":"C:\\Users\\sskut\\Desktop\\test-frontend(UPD)\\src\\components\\Hero\\ParticlesCanvas.tsx","statementMap":{"0":{"start":{"line":134,"column":0},"end":{"line":134,"column":15}},"1":{"start":{"line":3,"column":34},"end":{"line":3,"column":null}},"2":{"start":{"line":13,"column":24},"end":{"line":132,"column":null}},"3":{"start":{"line":14,"column":20},"end":{"line":14,"column":null}},"4":{"start":{"line":15,"column":23},"end":{"line":15,"column":null}},"5":{"start":{"line":16,"column":28},"end":{"line":16,"column":null}},"6":{"start":{"line":18,"column":2},"end":{"line":115,"column":null}},"7":{"start":{"line":19,"column":19},"end":{"line":19,"column":36}},"8":{"start":{"line":20,"column":4},"end":{"line":20,"column":null}},"9":{"start":{"line":20,"column":17},"end":{"line":20,"column":null}},"10":{"start":{"line":22,"column":16},"end":{"line":22,"column":null}},"11":{"start":{"line":23,"column":4},"end":{"line":23,"column":null}},"12":{"start":{"line":23,"column":14},"end":{"line":23,"column":null}},"13":{"start":{"line":26,"column":19},"end":{"line":37,"column":null}},"14":{"start":{"line":27,"column":18},"end":{"line":27,"column":null}},"15":{"start":{"line":28,"column":19},"end":{"line":28,"column":null}},"16":{"start":{"line":30,"column":6},"end":{"line":30,"column":null}},"17":{"start":{"line":31,"column":6},"end":{"line":31,"column":null}},"18":{"start":{"line":33,"column":6},"end":{"line":33,"column":null}},"19":{"start":{"line":35,"column":6},"end":{"line":35,"column":null}},"20":{"start":{"line":36,"column":6},"end":{"line":36,"column":null}},"21":{"start":{"line":39,"column":4},"end":{"line":39,"column":null}},"22":{"start":{"line":40,"column":4},"end":{"line":40,"column":null}},"23":{"start":{"line":43,"column":21},"end":{"line":43,"column":null}},"24":{"start":{"line":44,"column":26},"end":{"line":44,"column":null}},"25":{"start":{"line":46,"column":4},"end":{"line":46,"column":null}},"26":{"start":{"line":47,"column":4},"end":{"line":55,"column":null}},"27":{"start":{"line":47,"column":17},"end":{"line":47,"column":20}},"28":{"start":{"line":48,"column":6},"end":{"line":54,"column":null}},"29":{"start":{"line":58,"column":19},"end":{"line":58,"column":null}},"30":{"start":{"line":59,"column":20},"end":{"line":105,"column":null}},"31":{"start":{"line":60,"column":24},"end":{"line":60,"column":null}},"32":{"start":{"line":61,"column":6},"end":{"line":61,"column":null}},"33":{"start":{"line":64,"column":6},"end":{"line":64,"column":null}},"34":{"start":{"line":66,"column":6},"end":{"line":80,"column":null}},"35":{"start":{"line":68,"column":8},"end":{"line":68,"column":null}},"36":{"start":{"line":69,"column":8},"end":{"line":69,"column":null}},"37":{"start":{"line":72,"column":8},"end":{"line":72,"column":null}},"38":{"start":{"line":72,"column":57},"end":{"line":72,"column":null}},"39":{"start":{"line":73,"column":8},"end":{"line":73,"column":null}},"40":{"start":{"line":73,"column":58},"end":{"line":73,"column":null}},"41":{"start":{"line":76,"column":8},"end":{"line":76,"column":null}},"42":{"start":{"line":77,"column":8},"end":{"line":77,"column":null}},"43":{"start":{"line":78,"column":8},"end":{"line":78,"column":null}},"44":{"start":{"line":79,"column":8},"end":{"line":79,"column":null}},"45":{"start":{"line":83,"column":6},"end":{"line":102,"column":null}},"46":{"start":{"line":84,"column":28},"end":{"line":84,"column":null}},"47":{"start":{"line":85,"column":8},"end":{"line":101,"column":null}},"48":{"start":{"line":86,"column":10},"end":{"line":100,"column":null}},"49":{"start":{"line":87,"column":23},"end":{"line":87,"column":34}},"50":{"start":{"line":88,"column":23},"end":{"line":88,"column":34}},"51":{"start":{"line":89,"column":29},"end":{"line":89,"column":null}},"52":{"start":{"line":91,"column":12},"end":{"line":99,"column":null}},"53":{"start":{"line":92,"column":14},"end":{"line":92,"column":null}},"54":{"start":{"line":93,"column":14},"end":{"line":93,"column":null}},"55":{"start":{"line":94,"column":14},"end":{"line":94,"column":null}},"56":{"start":{"line":95,"column":30},"end":{"line":95,"column":null}},"57":{"start":{"line":96,"column":14},"end":{"line":96,"column":null}},"58":{"start":{"line":97,"column":14},"end":{"line":97,"column":null}},"59":{"start":{"line":98,"column":14},"end":{"line":98,"column":null}},"60":{"start":{"line":104,"column":6},"end":{"line":104,"column":null}},"61":{"start":{"line":107,"column":4},"end":{"line":107,"column":null}},"62":{"start":{"line":109,"column":4},"end":{"line":114,"column":null}},"63":{"start":{"line":110,"column":6},"end":{"line":110,"column":null}},"64":{"start":{"line":111,"column":6},"end":{"line":113,"column":null}},"65":{"start":{"line":112,"column":8},"end":{"line":112,"column":null}},"66":{"start":{"line":134,"column":15},"end":{"line":134,"column":null}}},"fnMap":{"0":{"name":"(anonymous_1)","decl":{"start":{"line":13,"column":24},"end":{"line":13,"column":null}},"loc":{"start":{"line":13,"column":24},"end":{"line":132,"column":null}}},"1":{"name":"(anonymous_2)","decl":{"start":{"line":18,"column":12},"end":{"line":18,"column":null}},"loc":{"start":{"line":18,"column":12},"end":{"line":115,"column":5}}},"2":{"name":"(anonymous_3)","decl":{"start":{"line":26,"column":19},"end":{"line":26,"column":null}},"loc":{"start":{"line":26,"column":19},"end":{"line":37,"column":null}}},"3":{"name":"(anonymous_4)","decl":{"start":{"line":59,"column":20},"end":{"line":59,"column":21}},"loc":{"start":{"line":59,"column":21},"end":{"line":105,"column":null}}},"4":{"name":"(anonymous_5)","decl":{"start":{"line":66,"column":35},"end":{"line":66,"column":36}},"loc":{"start":{"line":66,"column":36},"end":{"line":80,"column":null}}},"5":{"name":"(anonymous_6)","decl":{"start":{"line":85,"column":37},"end":{"line":85,"column":38}},"loc":{"start":{"line":85,"column":42},"end":{"line":101,"column":null}}},"6":{"name":"(anonymous_7)","decl":{"start":{"line":86,"column":52},"end":{"line":86,"column":53}},"loc":{"start":{"line":86,"column":53},"end":{"line":100,"column":null}}},"7":{"name":"(anonymous_8)","decl":{"start":{"line":109,"column":11},"end":{"line":109,"column":null}},"loc":{"start":{"line":109,"column":11},"end":{"line":114,"column":null}}}},"branchMap":{"0":{"loc":{"start":{"line":20,"column":4},"end":{"line":20,"column":null}},"type":"if","locations":[{"start":{"line":20,"column":4},"end":{"line":20,"column":null}},{"start":{},"end":{}}]},"1":{"loc":{"start":{"line":23,"column":4},"end":{"line":23,"column":null}},"type":"if","locations":[{"start":{"line":23,"column":4},"end":{"line":23,"column":null}},{"start":{},"end":{}}]},"2":{"loc":{"start":{"line":27,"column":18},"end":{"line":27,"column":null}},"type":"binary-expr","locations":[{"start":{"line":27,"column":18},"end":{"line":27,"column":41}},{"start":{"line":27,"column":45},"end":{"line":27,"column":null}}]},"3":{"loc":{"start":{"line":44,"column":26},"end":{"line":44,"column":null}},"type":"cond-expr","locations":[{"start":{"line":44,"column":37},"end":{"line":44,"column":42}},{"start":{"line":44,"column":42},"end":{"line":44,"column":null}}]},"4":{"loc":{"start":{"line":72,"column":8},"end":{"line":72,"column":null}},"type":"if","locations":[{"start":{"line":72,"column":8},"end":{"line":72,"column":null}},{"start":{},"end":{}}]},"5":{"loc":{"start":{"line":72,"column":12},"end":{"line":72,"column":55}},"type":"binary-expr","locations":[{"start":{"line":72,"column":12},"end":{"line":72,"column":30}},{"start":{"line":72,"column":30},"end":{"line":72,"column":55}}]},"6":{"loc":{"start":{"line":73,"column":8},"end":{"line":73,"column":null}},"type":"if","locations":[{"start":{"line":73,"column":8},"end":{"line":73,"column":null}},{"start":{},"end":{}}]},"7":{"loc":{"start":{"line":73,"column":12},"end":{"line":73,"column":56}},"type":"binary-expr","locations":[{"start":{"line":73,"column":12},"end":{"line":73,"column":30}},{"start":{"line":73,"column":30},"end":{"line":73,"column":56}}]},"8":{"loc":{"start":{"line":83,"column":6},"end":{"line":102,"column":null}},"type":"if","locations":[{"start":{"line":83,"column":6},"end":{"line":102,"column":null}},{"start":{},"end":{}}]},"9":{"loc":{"start":{"line":91,"column":12},"end":{"line":99,"column":null}},"type":"if","locations":[{"start":{"line":91,"column":12},"end":{"line":99,"column":null}},{"start":{},"end":{}}]},"10":{"loc":{"start":{"line":111,"column":6},"end":{"line":113,"column":null}},"type":"if","locations":[{"start":{"line":111,"column":6},"end":{"line":113,"column":null}},{"start":{},"end":{}}]}},"s":{"0":0,"1":0,"2":0,"3":0,"4":0,"5":0,"6":0,"7":0,"8":0,"9":0,"10":0,"11":0,"12":0,"13":0,"14":0,"15":0,"16":0,"17":0,"18":0,"19":0,"20":0,"21":0,"22":0,"23":0,"24":0,"25":0,"26":0,"27":0,"28":0,"29":0,"30":0,"31":0,"32":0,"33":0,"34":0,"35":0,"36":0,"37":0,"38":0,"39":0,"40":0,"41":0,"42":0,"43":0,"44":0,"45":0,"46":0,"47":0,"48":0,"49":0,"50":0,"51":0,"52":0,"53":0,"54":0,"55":0,"56":0,"57":0,"58":0,"59":0,"60":0,"61":0,"62":0,"63":0,"64":0,"65":0,"66":0},"f":{"0":0,"1":0,"2":0,"3":0,"4":0,"5":0,"6":0,"7":0},"b":{"0":[0,0],"1":[0,0],"2":[0,0],"3":[0,0],"4":[0,0],"5":[0,0],"6":[0,0],"7":[0,0],"8":[0,0],"9":[0,0],"10":[0,0]}}
,"C:\\Users\\sskut\\Desktop\\test-frontend(UPD)\\src\\components\\common\\ErrorBoundary.tsx": {"path":"C:\\Users\\sskut\\Desktop\\test-frontend(UPD)\\src\\components\\common\\ErrorBoundary.tsx","statementMap":{"0":{"start":{"line":62,"column":0},"end":{"line":62,"column":15}},"1":{"start":{"line":3,"column":37},"end":{"line":3,"column":null}},"2":{"start":{"line":4,"column":19},"end":{"line":4,"column":null}},"3":{"start":{"line":18,"column":4},"end":{"line":18,"column":null}},"4":{"start":{"line":19,"column":4},"end":{"line":22,"column":null}},"5":{"start":{"line":26,"column":4},"end":{"line":29,"column":null}},"6":{"start":{"line":33,"column":4},"end":{"line":33,"column":null}},"7":{"start":{"line":39,"column":4},"end":{"line":56,"column":null}},"8":{"start":{"line":47,"column":31},"end":{"line":47,"column":null}},"9":{"start":{"line":58,"column":4},"end":{"line":58,"column":null}},"10":{"start":{"line":62,"column":15},"end":{"line":62,"column":null}}},"fnMap":{"0":{"name":"(anonymous_2)","decl":{"start":{"line":17,"column":2},"end":{"line":17,"column":14}},"loc":{"start":{"line":17,"column":28},"end":{"line":23,"column":null}}},"1":{"name":"(anonymous_3)","decl":{"start":{"line":25,"column":2},"end":{"line":25,"column":9}},"loc":{"start":{"line":25,"column":48},"end":{"line":30,"column":null}}},"2":{"name":"(anonymous_4)","decl":{"start":{"line":32,"column":2},"end":{"line":32,"column":20}},"loc":{"start":{"line":32,"column":50},"end":{"line":36,"column":null}}},"3":{"name":"(anonymous_5)","decl":{"start":{"line":38,"column":2},"end":{"line":38,"column":11}},"loc":{"start":{"line":38,"column":11},"end":{"line":59,"column":null}}},"4":{"name":"(anonymous_6)","decl":{"start":{"line":47,"column":25},"end":{"line":47,"column":31}},"loc":{"start":{"line":47,"column":31},"end":{"line":47,"column":null}}}},"branchMap":{"0":{"loc":{"start":{"line":39,"column":4},"end":{"line":56,"column":null}},"type":"if","locations":[{"start":{"line":39,"column":4},"end":{"line":56,"column":null}},{"start":{},"end":{}}]},"1":{"loc":{"start":{"line":41,"column":8},"end":{"line":41,"column":27}},"type":"binary-expr","locations":[{"start":{"line":41,"column":8},"end":{"line":41,"column":27}}]}},"s":{"0":0,"1":0,"2":0,"3":0,"4":0,"5":0,"6":0,"7":0,"8":0,"9":0,"10":0},"f":{"0":0,"1":0,"2":0,"3":0,"4":0},"b":{"0":[0,0],"1":[0]}}
,"C:\\Users\\sskut\\Desktop\\test-frontend(UPD)\\src\\hooks\\useIntersectionObserver.ts": {"path":"C:\\Users\\sskut\\Desktop\\test-frontend(UPD)\\src\\hooks\\useIntersectionObserver.ts","statementMap":{"0":{"start":{"line":42,"column":0},"end":{"line":42,"column":15}},"1":{"start":{"line":3,"column":47},"end":{"line":3,"column":null}},"2":{"start":{"line":11,"column":32},"end":{"line":40,"column":null}},"3":{"start":{"line":15,"column":46},"end":{"line":15,"column":null}},"4":{"start":{"line":17,"column":2},"end":{"line":37,"column":null}},"5":{"start":{"line":18,"column":21},"end":{"line":25,"column":null}},"6":{"start":{"line":20,"column":8},"end":{"line":23,"column":null}},"7":{"start":{"line":21,"column":10},"end":{"line":21,"column":null}},"8":{"start":{"line":22,"column":10},"end":{"line":22,"column":null}},"9":{"start":{"line":28,"column":4},"end":{"line":30,"column":null}},"10":{"start":{"line":29,"column":6},"end":{"line":29,"column":null}},"11":{"start":{"line":32,"column":4},"end":{"line":36,"column":null}},"12":{"start":{"line":33,"column":6},"end":{"line":35,"column":null}},"13":{"start":{"line":34,"column":8},"end":{"line":34,"column":null}},"14":{"start":{"line":39,"column":2},"end":{"line":39,"column":null}},"15":{"start":{"line":42,"column":15},"end":{"line":42,"column":null}}},"fnMap":{"0":{"name":"(anonymous_1)","decl":{"start":{"line":11,"column":32},"end":{"line":11,"column":null}},"loc":{"start":{"line":13,"column":2},"end":{"line":40,"column":null}}},"1":{"name":"(anonymous_2)","decl":{"start":{"line":17,"column":12},"end":{"line":17,"column":null}},"loc":{"start":{"line":17,"column":12},"end":{"line":37,"column":5}}},"2":{"name":"(anonymous_3)","decl":{"start":{"line":19,"column":6},"end":{"line":19,"column":7}},"loc":{"start":{"line":19,"column":14},"end":{"line":24,"column":null}}},"3":{"name":"(anonymous_4)","decl":{"start":{"line":32,"column":11},"end":{"line":32,"column":null}},"loc":{"start":{"line":32,"column":11},"end":{"line":36,"column":null}}}},"branchMap":{"0":{"loc":{"start":{"line":20,"column":8},"end":{"line":23,"column":null}},"type":"if","locations":[{"start":{"line":20,"column":8},"end":{"line":23,"column":null}},{"start":{},"end":{}}]},"1":{"loc":{"start":{"line":28,"column":4},"end":{"line":30,"column":null}},"type":"if","locations":[{"start":{"line":28,"column":4},"end":{"line":30,"column":null}},{"start":{},"end":{}}]},"2":{"loc":{"start":{"line":33,"column":6},"end":{"line":35,"column":null}},"type":"if","locations":[{"start":{"line":33,"column":6},"end":{"line":35,"column":null}},{"start":{},"end":{}}]}},"s":{"0":0,"1":0,"2":0,"3":0,"4":0,"5":0,"6":0,"7":0,"8":0,"9":0,"10":0,"11":0,"12":0,"13":0,"14":0,"15":0},"f":{"0":0,"1":0,"2":0,"3":0},"b":{"0":[0,0],"1":[0,0],"2":[0,0]}}
,"C:\\Users\\sskut\\Desktop\\test-frontend(UPD)\\src\\services\\api.ts": {"path":"C:\\Users\\sskut\\Desktop\\test-frontend(UPD)\\src\\services\\api.ts","statementMap":{"0":{"start":{"line":10,"column":13},"end":{"line":10,"column":25}},"1":{"start":{"line":1,"column":18},"end":{"line":1,"column":null}},"2":{"start":{"line":3,"column":21},"end":{"line":3,"column":null}},"3":{"start":{"line":10,"column":25},"end":{"line":40,"column":null}},"4":{"start":{"line":11,"column":2},"end":{"line":39,"column":null}},"5":{"start":{"line":12,"column":21},"end":{"line":16,"column":null}},"6":{"start":{"line":19,"column":4},"end":{"line":22,"column":null}},"7":{"start":{"line":19,"column":44},"end":{"line":22,"column":null}},"8":{"start":{"line":24,"column":4},"end":{"line":24,"column":null}},"9":{"start":{"line":27,"column":4},"end":{"line":38,"column":null}}},"fnMap":{"0":{"name":"(anonymous_2)","decl":{"start":{"line":10,"column":25},"end":{"line":10,"column":null}},"loc":{"start":{"line":10,"column":25},"end":{"line":40,"column":null}}},"1":{"name":"(anonymous_3)","decl":{"start":{"line":19,"column":29},"end":{"line":19,"column":30}},"loc":{"start":{"line":19,"column":44},"end":{"line":22,"column":null}}}},"branchMap":{},"s":{"0":0,"1":0,"2":0,"3":0,"4":0,"5":0,"6":0,"7":0,"8":0,"9":0},"f":{"0":0,"1":0},"b":{}}
,"C:\\Users\\sskut\\Desktop\\test-frontend(UPD)\\src\\services\\websocket.ts": {"path":"C:\\Users\\sskut\\Desktop\\test-frontend(UPD)\\src\\services\\websocket.ts","statementMap":{"0":{"start":{"line":1,"column":13},"end":{"line":1,"column":null}},"1":{"start":{"line":8,"column":4},"end":{"line":48,"column":null}},"2":{"start":{"line":10,"column":6},"end":{"line":10,"column":null}},"3":{"start":{"line":12,"column":6},"end":{"line":17,"column":null}},"4":{"start":{"line":13,"column":8},"end":{"line":15,"column":null}},"5":{"start":{"line":14,"column":10},"end":{"line":14,"column":null}},"6":{"start":{"line":16,"column":8},"end":{"line":16,"column":null}},"7":{"start":{"line":19,"column":6},"end":{"line":28,"column":null}},"8":{"start":{"line":20,"column":8},"end":{"line":27,"column":null}},"9":{"start":{"line":21,"column":23},"end":{"line":21,"column":null}},"10":{"start":{"line":22,"column":10},"end":{"line":22,"column":null}},"11":{"start":{"line":24,"column":10},"end":{"line":26,"column":null}},"12":{"start":{"line":25,"column":12},"end":{"line":25,"column":null}},"13":{"start":{"line":30,"column":6},"end":{"line":35,"column":null}},"14":{"start":{"line":31,"column":8},"end":{"line":33,"column":null}},"15":{"start":{"line":32,"column":10},"end":{"line":32,"column":null}},"16":{"start":{"line":37,"column":6},"end":{"line":42,"column":null}},"17":{"start":{"line":38,"column":8},"end":{"line":40,"column":null}},"18":{"start":{"line":39,"column":10},"end":{"line":39,"column":null}},"19":{"start":{"line":41,"column":8},"end":{"line":41,"column":null}},"20":{"start":{"line":44,"column":6},"end":{"line":46,"column":null}},"21":{"start":{"line":45,"column":8},"end":{"line":45,"column":null}},"22":{"start":{"line":47,"column":6},"end":{"line":47,"column":null}},"23":{"start":{"line":47,"column":19},"end":{"line":47,"column":null}},"24":{"start":{"line":55,"column":4},"end":{"line":60,"column":null}},"25":{"start":{"line":56,"column":6},"end":{"line":56,"column":null}},"26":{"start":{"line":57,"column":6},"end":{"line":59,"column":null}},"27":{"start":{"line":58,"column":8},"end":{"line":58,"column":null}},"28":{"start":{"line":64,"column":4},"end":{"line":67,"column":null}},"29":{"start":{"line":65,"column":6},"end":{"line":65,"column":null}},"30":{"start":{"line":66,"column":6},"end":{"line":66,"column":null}},"31":{"start":{"line":71,"column":4},"end":{"line":71,"column":null}},"32":{"start":{"line":2,"column":10},"end":{"line":2,"column":null}},"33":{"start":{"line":3,"column":10},"end":{"line":3,"column":null}},"34":{"start":{"line":4,"column":10},"end":{"line":4,"column":null}},"35":{"start":{"line":5,"column":10},"end":{"line":5,"column":null}}},"fnMap":{"0":{"name":"(anonymous_1)","decl":{"start":{"line":7,"column":2},"end":{"line":7,"column":10}},"loc":{"start":{"line":7,"column":76},"end":{"line":49,"column":null}}},"1":{"name":"(anonymous_2)","decl":{"start":{"line":12,"column":23},"end":{"line":12,"column":null}},"loc":{"start":{"line":12,"column":23},"end":{"line":17,"column":null}}},"2":{"name":"(anonymous_3)","decl":{"start":{"line":19,"column":26},"end":{"line":19,"column":27}},"loc":{"start":{"line":19,"column":27},"end":{"line":28,"column":null}}},"3":{"name":"(anonymous_4)","decl":{"start":{"line":30,"column":24},"end":{"line":30,"column":25}},"loc":{"start":{"line":30,"column":25},"end":{"line":35,"column":null}}},"4":{"name":"(anonymous_5)","decl":{"start":{"line":37,"column":24},"end":{"line":37,"column":null}},"loc":{"start":{"line":37,"column":24},"end":{"line":42,"column":null}}},"5":{"name":"(anonymous_6)","decl":{"start":{"line":51,"column":10},"end":{"line":51,"column":null}},"loc":{"start":{"line":54,"column":4},"end":{"line":61,"column":null}}},"6":{"name":"(anonymous_7)","decl":{"start":{"line":57,"column":17},"end":{"line":57,"column":null}},"loc":{"start":{"line":57,"column":17},"end":{"line":59,"column":9}}},"7":{"name":"(anonymous_8)","decl":{"start":{"line":63,"column":2},"end":{"line":63,"column":15}},"loc":{"start":{"line":63,"column":15},"end":{"line":68,"column":null}}},"8":{"name":"(anonymous_9)","decl":{"start":{"line":70,"column":2},"end":{"line":70,"column":25}},"loc":{"start":{"line":70,"column":25},"end":{"line":72,"column":null}}}},"branchMap":{"0":{"loc":{"start":{"line":13,"column":8},"end":{"line":15,"column":null}},"type":"if","locations":[{"start":{"line":13,"column":8},"end":{"line":15,"column":null}},{"start":{},"end":{}}]},"1":{"loc":{"start":{"line":24,"column":10},"end":{"line":26,"column":null}},"type":"if","locations":[{"start":{"line":24,"column":10},"end":{"line":26,"column":null}},{"start":{},"end":{}}]},"2":{"loc":{"start":{"line":31,"column":8},"end":{"line":33,"column":null}},"type":"if","locations":[{"start":{"line":31,"column":8},"end":{"line":33,"column":null}},{"start":{},"end":{}}]},"3":{"loc":{"start":{"line":38,"column":8},"end":{"line":40,"column":null}},"type":"if","locations":[{"start":{"line":38,"column":8},"end":{"line":40,"column":null}},{"start":{},"end":{}}]},"4":{"loc":{"start":{"line":44,"column":6},"end":{"line":46,"column":null}},"type":"if","locations":[{"start":{"line":44,"column":6},"end":{"line":46,"column":null}},{"start":{},"end":{}}]},"5":{"loc":{"start":{"line":47,"column":6},"end":{"line":47,"column":null}},"type":"if","locations":[{"start":{"line":47,"column":6},"end":{"line":47,"column":null}},{"start":{},"end":{}}]},"6":{"loc":{"start":{"line":55,"column":4},"end":{"line":60,"column":null}},"type":"if","locations":[{"start":{"line":55,"column":4},"end":{"line":60,"column":null}},{"start":{},"end":{}}]},"7":{"loc":{"start":{"line":64,"column":4},"end":{"line":67,"column":null}},"type":"if","locations":[{"start":{"line":64,"column":4},"end":{"line":67,"column":null}},{"start":{},"end":{}}]},"8":{"loc":{"start":{"line":71,"column":11},"end":{"line":71,"column":68}},"type":"binary-expr","locations":[{"start":{"line":71,"column":11},"end":{"line":71,"column":31}},{"start":{"line":71,"column":31},"end":{"line":71,"column":68}}]}},"s":{"0":6,"1":6,"2":6,"3":6,"4":0,"5":0,"6":0,"7":6,"8":0,"9":0,"10":0,"11":0,"12":0,"13":6,"14":0,"15":0,"16":6,"17":0,"18":0,"19":0,"20":0,"21":0,"22":0,"23":0,"24":0,"25":0,"26":0,"27":0,"28":7,"29":6,"30":6,"31":1,"32":6,"33":6,"34":6,"35":6},"f":{"0":6,"1":0,"2":0,"3":0,"4":0,"5":0,"6":0,"7":7,"8":1},"b":{"0":[0,0],"1":[0,0],"2":[0,0],"3":[0,0],"4":[0,0],"5":[0,0],"6":[0,0],"7":[6,1],"8":[1,0]}}
,"C:\\Users\\sskut\\Desktop\\test-frontend(UPD)\\src\\store\\hooks.ts": {"path":"C:\\Users\\sskut\\Desktop\\test-frontend(UPD)\\src\\store\\hooks.ts","statementMap":{"0":{"start":{"line":4,"column":13},"end":{"line":4,"column":27}},"1":{"start":{"line":5,"column":13},"end":{"line":5,"column":27}},"2":{"start":{"line":1,"column":63},"end":{"line":1,"column":null}},"3":{"start":{"line":4,"column":30},"end":{"line":4,"column":null}},"4":{"start":{"line":4,"column":36},"end":{"line":4,"column":null}},"5":{"start":{"line":5,"column":63},"end":{"line":5,"column":74}}},"fnMap":{"0":{"name":"(anonymous_3)","decl":{"start":{"line":4,"column":30},"end":{"line":4,"column":36}},"loc":{"start":{"line":4,"column":36},"end":{"line":4,"column":null}}}},"branchMap":{},"s":{"0":0,"1":0,"2":0,"3":0,"4":0,"5":0},"f":{"0":0},"b":{}}
,"C:\\Users\\sskut\\Desktop\\test-frontend(UPD)\\src\\store\\index.ts": {"path":"C:\\Users\\sskut\\Desktop\\test-frontend(UPD)\\src\\store\\index.ts","statementMap":{"0":{"start":{"line":4,"column":13},"end":{"line":4,"column":21}},"1":{"start":{"line":1,"column":31},"end":{"line":1,"column":null}},"2":{"start":{"line":2,"column":23},"end":{"line":2,"column":null}},"3":{"start":{"line":4,"column":21},"end":{"line":8,"column":null}}},"fnMap":{},"branchMap":{},"s":{"0":0,"1":0,"2":0,"3":0},"f":{},"b":{}}
,"C:\\Users\\sskut\\Desktop\\test-frontend(UPD)\\src\\store\\slices\\nftSlice.ts": {"path":"C:\\Users\\sskut\\Desktop\\test-frontend(UPD)\\src\\store\\slices\\nftSlice.ts","statementMap":{"0":{"start":{"line":51,"column":0},"end":{"line":51,"column":15}},"1":{"start":{"line":8,"column":13},"end":{"line":8,"column":26}},"2":{"start":{"line":1,"column":46},"end":{"line":1,"column":null}},"3":{"start":{"line":2,"column":26},"end":{"line":2,"column":null}},"4":{"start":{"line":3,"column":31},"end":{"line":3,"column":null}},"5":{"start":{"line":4,"column":57},"end":{"line":4,"column":null}},"6":{"start":{"line":8,"column":29},"end":{"line":21,"column":null}},"7":{"start":{"line":11,"column":17},"end":{"line":11,"column":null}},"8":{"start":{"line":14,"column":4},"end":{"line":20,"column":null}},"9":{"start":{"line":14,"column":48},"end":{"line":20,"column":null}},"10":{"start":{"line":24,"column":31},"end":{"line":28,"column":null}},"11":{"start":{"line":30,"column":17},"end":{"line":49,"column":null}},"12":{"start":{"line":35,"column":4},"end":{"line":47,"column":null}},"13":{"start":{"line":37,"column":8},"end":{"line":37,"column":null}},"14":{"start":{"line":38,"column":8},"end":{"line":38,"column":null}},"15":{"start":{"line":41,"column":8},"end":{"line":41,"column":null}},"16":{"start":{"line":42,"column":8},"end":{"line":42,"column":null}},"17":{"start":{"line":45,"column":8},"end":{"line":45,"column":null}},"18":{"start":{"line":46,"column":8},"end":{"line":46,"column":null}},"19":{"start":{"line":51,"column":15},"end":{"line":51,"column":31}}},"fnMap":{"0":{"name":"(anonymous_3)","decl":{"start":{"line":10,"column":2},"end":{"line":10,"column":null}},"loc":{"start":{"line":10,"column":2},"end":{"line":21,"column":null}}},"1":{"name":"(anonymous_4)","decl":{"start":{"line":14,"column":33},"end":{"line":14,"column":34}},"loc":{"start":{"line":14,"column":48},"end":{"line":20,"column":null}}},"2":{"name":"(anonymous_5)","decl":{"start":{"line":34,"column":17},"end":{"line":34,"column":18}},"loc":{"start":{"line":34,"column":18},"end":{"line":48,"column":null}}},"3":{"name":"(anonymous_6)","decl":{"start":{"line":36,"column":38},"end":{"line":36,"column":39}},"loc":{"start":{"line":36,"column":39},"end":{"line":39,"column":null}}},"4":{"name":"(anonymous_7)","decl":{"start":{"line":40,"column":40},"end":{"line":40,"column":41}},"loc":{"start":{"line":40,"column":48},"end":{"line":43,"column":null}}},"5":{"name":"(anonymous_8)","decl":{"start":{"line":44,"column":39},"end":{"line":44,"column":40}},"loc":{"start":{"line":44,"column":47},"end":{"line":47,"column":null}}}},"branchMap":{"0":{"loc":{"start":{"line":46,"column":22},"end":{"line":46,"column":null}},"type":"binary-expr","locations":[{"start":{"line":46,"column":22},"end":{"line":46,"column":42}},{"start":{"line":46,"column":46},"end":{"line":46,"column":null}}]}},"s":{"0":3,"1":2,"2":1,"3":1,"4":1,"5":1,"6":1,"7":1,"8":1,"9":2,"10":1,"11":1,"12":1,"13":2,"14":2,"15":1,"16":1,"17":0,"18":0,"19":1},"f":{"0":1,"1":2,"2":1,"3":2,"4":1,"5":0},"b":{"0":[0,0]}}
,"C:\\Users\\sskut\\Desktop\\test-frontend(UPD)\\src\\utils\\animations.ts": {"path":"C:\\Users\\sskut\\Desktop\\test-frontend(UPD)\\src\\utils\\animations.ts","statementMap":{"0":{"start":{"line":6,"column":13},"end":{"line":6,"column":36}},"1":{"start":{"line":1,"column":21},"end":{"line":1,"column":null}},"2":{"start":{"line":2,"column":30},"end":{"line":2,"column":null}},"3":{"start":{"line":4,"column":0},"end":{"line":4,"column":null}},"4":{"start":{"line":6,"column":36},"end":{"line":23,"column":null}},"5":{"start":{"line":7,"column":19},"end":{"line":7,"column":null}},"6":{"start":{"line":9,"column":2},"end":{"line":22,"column":null}},"7":{"start":{"line":10,"column":4},"end":{"line":21,"column":null}}},"fnMap":{"0":{"name":"(anonymous_1)","decl":{"start":{"line":6,"column":36},"end":{"line":6,"column":null}},"loc":{"start":{"line":6,"column":36},"end":{"line":23,"column":null}}},"1":{"name":"(anonymous_2)","decl":{"start":{"line":9,"column":19},"end":{"line":9,"column":20}},"loc":{"start":{"line":9,"column":20},"end":{"line":22,"column":null}}}},"branchMap":{},"s":{"0":0,"1":0,"2":0,"3":0,"4":0,"5":0,"6":0,"7":0},"f":{"0":0,"1":0},"b":{}}
,"C:\\Users\\sskut\\Desktop\\test-frontend(UPD)\\src\\utils\\dataGenerators.ts": {"path":"C:\\Users\\sskut\\Desktop\\test-frontend(UPD)\\src\\utils\\dataGenerators.ts","statementMap":{"0":{"start":{"line":1,"column":13},"end":{"line":1,"column":30}},"1":{"start":{"line":6,"column":13},"end":{"line":6,"column":34}},"2":{"start":{"line":1,"column":33},"end":{"line":4,"column":null}},"3":{"start":{"line":2,"column":14},"end":{"line":2,"column":null}},"4":{"start":{"line":3,"column":2},"end":{"line":3,"column":null}},"5":{"start":{"line":6,"column":37},"end":{"line":20,"column":null}},"6":{"start":{"line":7,"column":14},"end":{"line":7,"column":null}},"7":{"start":{"line":8,"column":21},"end":{"line":8,"column":null}},"8":{"start":{"line":9,"column":23},"end":{"line":9,"column":null}},"9":{"start":{"line":10,"column":23},"end":{"line":10,"column":null}},"10":{"start":{"line":12,"column":21},"end":{"line":16,"column":null}},"11":{"start":{"line":19,"column":2},"end":{"line":19,"column":null}}},"fnMap":{"0":{"name":"(anonymous_3)","decl":{"start":{"line":1,"column":33},"end":{"line":1,"column":null}},"loc":{"start":{"line":1,"column":33},"end":{"line":4,"column":null}}},"1":{"name":"(anonymous_4)","decl":{"start":{"line":6,"column":37},"end":{"line":6,"column":null}},"loc":{"start":{"line":6,"column":37},"end":{"line":20,"column":null}}}},"branchMap":{},"s":{"0":2,"1":2,"2":1,"3":2,"4":2,"5":1,"6":2,"7":2,"8":2,"9":2,"10":2,"11":2},"f":{"0":2,"1":2},"b":{}}
,"C:\\Users\\sskut\\Desktop\\test-frontend(UPD)\\src\\utils\\imageRandomizer.ts": {"path":"C:\\Users\\sskut\\Desktop\\test-frontend(UPD)\\src\\utils\\imageRandomizer.ts","statementMap":{"0":{"start":{"line":9,"column":13},"end":{"line":9,"column":30}},"1":{"start":{"line":1,"column":19},"end":{"line":7,"column":null}},"2":{"start":{"line":9,"column":30},"end":{"line":12,"column":null}},"3":{"start":{"line":10,"column":22},"end":{"line":10,"column":null}},"4":{"start":{"line":11,"column":2},"end":{"line":11,"column":null}}},"fnMap":{"0":{"name":"(anonymous_1)","decl":{"start":{"line":9,"column":30},"end":{"line":9,"column":null}},"loc":{"start":{"line":9,"column":30},"end":{"line":12,"column":null}}}},"branchMap":{},"s":{"0":2,"1":1,"2":1,"3":2,"4":2},"f":{"0":2},"b":{}}
,"C:\\Users\\sskut\\Desktop\\test-frontend(UPD)\\src\\utils\\performance.ts": {"path":"C:\\Users\\sskut\\Desktop\\test-frontend(UPD)\\src\\utils\\performance.ts","statementMap":{"0":{"start":{"line":98,"column":13},"end":{"line":98,"column":27}},"1":{"start":{"line":6,"column":4},"end":{"line":9,"column":null}},"2":{"start":{"line":7,"column":6},"end":{"line":7,"column":null}},"3":{"start":{"line":8,"column":6},"end":{"line":8,"column":null}},"4":{"start":{"line":11,"column":18},"end":{"line":11,"column":null}},"5":{"start":{"line":12,"column":4},"end":{"line":12,"column":null}},"6":{"start":{"line":13,"column":16},"end":{"line":13,"column":null}},"7":{"start":{"line":14,"column":21},"end":{"line":14,"column":null}},"8":{"start":{"line":16,"column":4},"end":{"line":18,"column":null}},"9":{"start":{"line":17,"column":6},"end":{"line":17,"column":null}},"10":{"start":{"line":20,"column":4},"end":{"line":20,"column":null}},"11":{"start":{"line":23,"column":4},"end":{"line":25,"column":null}},"12":{"start":{"line":24,"column":6},"end":{"line":24,"column":null}},"13":{"start":{"line":29,"column":4},"end":{"line":31,"column":null}},"14":{"start":{"line":30,"column":6},"end":{"line":30,"column":null}},"15":{"start":{"line":33,"column":18},"end":{"line":33,"column":null}},"16":{"start":{"line":34,"column":4},"end":{"line":64,"column":null}},"17":{"start":{"line":35,"column":18},"end":{"line":35,"column":null}},"18":{"start":{"line":36,"column":23},"end":{"line":36,"column":null}},"19":{"start":{"line":38,"column":6},"end":{"line":40,"column":null}},"20":{"start":{"line":39,"column":8},"end":{"line":39,"column":null}},"21":{"start":{"line":42,"column":6},"end":{"line":42,"column":null}},"22":{"start":{"line":44,"column":6},"end":{"line":46,"column":null}},"23":{"start":{"line":45,"column":8},"end":{"line":45,"column":null}},"24":{"start":{"line":48,"column":6},"end":{"line":48,"column":null}},"25":{"start":{"line":50,"column":18},"end":{"line":50,"column":null}},"26":{"start":{"line":51,"column":23},"end":{"line":51,"column":null}},"27":{"start":{"line":53,"column":6},"end":{"line":55,"column":null}},"28":{"start":{"line":54,"column":8},"end":{"line":54,"column":null}},"29":{"start":{"line":57,"column":6},"end":{"line":57,"column":null}},"30":{"start":{"line":59,"column":6},"end":{"line":61,"column":null}},"31":{"start":{"line":60,"column":8},"end":{"line":60,"column":null}},"32":{"start":{"line":63,"column":6},"end":{"line":63,"column":null}},"33":{"start":{"line":68,"column":18},"end":{"line":68,"column":46}},"34":{"start":{"line":69,"column":4},"end":{"line":69,"column":null}},"35":{"start":{"line":69,"column":28},"end":{"line":69,"column":null}},"36":{"start":{"line":71,"column":16},"end":{"line":71,"column":63}},"37":{"start":{"line":71,"column":39},"end":{"line":71,"column":46}},"38":{"start":{"line":72,"column":16},"end":{"line":72,"column":null}},"39":{"start":{"line":73,"column":16},"end":{"line":73,"column":null}},"40":{"start":{"line":75,"column":4},"end":{"line":75,"column":null}},"41":{"start":{"line":79,"column":4},"end":{"line":79,"column":null}},"42":{"start":{"line":79,"column":27},"end":{"line":79,"column":null}},"43":{"start":{"line":81,"column":4},"end":{"line":81,"column":null}},"44":{"start":{"line":82,"column":4},"end":{"line":89,"column":null}},"45":{"start":{"line":83,"column":65},"end":{"line":89,"column":null}},"46":{"start":{"line":85,"column":44},"end":{"line":85,"column":51}},"47":{"start":{"line":94,"column":4},"end":{"line":94,"column":null}},"48":{"start":{"line":2,"column":10},"end":{"line":2,"column":null}},"49":{"start":{"line":3,"column":10},"end":{"line":3,"column":null}},"50":{"start":{"line":98,"column":27},"end":{"line":98,"column":null}},"51":{"start":{"line":101,"column":0},"end":{"line":105,"column":null}},"52":{"start":{"line":102,"column":2},"end":{"line":104,"column":null}},"53":{"start":{"line":103,"column":4},"end":{"line":103,"column":null}}},"fnMap":{"0":{"name":"(anonymous_1)","decl":{"start":{"line":5,"column":2},"end":{"line":5,"column":10}},"loc":{"start":{"line":5,"column":46},"end":{"line":26,"column":null}}},"1":{"name":"(anonymous_2)","decl":{"start":{"line":28,"column":2},"end":{"line":28,"column":18}},"loc":{"start":{"line":28,"column":72},"end":{"line":65,"column":null}}},"2":{"name":"(anonymous_3)","decl":{"start":{"line":34,"column":27},"end":{"line":34,"column":28}},"loc":{"start":{"line":34,"column":28},"end":{"line":49,"column":7}}},"3":{"name":"(anonymous_4)","decl":{"start":{"line":49,"column":13},"end":{"line":49,"column":14}},"loc":{"start":{"line":49,"column":14},"end":{"line":64,"column":null}}},"4":{"name":"(anonymous_5)","decl":{"start":{"line":67,"column":2},"end":{"line":67,"column":13}},"loc":{"start":{"line":67,"column":27},"end":{"line":76,"column":null}}},"5":{"name":"(anonymous_6)","decl":{"start":{"line":71,"column":29},"end":{"line":71,"column":30}},"loc":{"start":{"line":71,"column":39},"end":{"line":71,"column":46}}},"6":{"name":"(anonymous_7)","decl":{"start":{"line":78,"column":2},"end":{"line":78,"column":11}},"loc":{"start":{"line":78,"column":11},"end":{"line":91,"column":null}}},"7":{"name":"(anonymous_8)","decl":{"start":{"line":83,"column":45},"end":{"line":83,"column":46}},"loc":{"start":{"line":83,"column":65},"end":{"line":89,"column":null}}},"8":{"name":"(anonymous_9)","decl":{"start":{"line":85,"column":34},"end":{"line":85,"column":35}},"loc":{"start":{"line":85,"column":44},"end":{"line":85,"column":51}}},"9":{"name":"(anonymous_10)","decl":{"start":{"line":93,"column":2},"end":{"line":93,"column":10}},"loc":{"start":{"line":93,"column":10},"end":{"line":95,"column":null}}},"10":{"name":"(anonymous_12)","decl":{"start":{"line":102,"column":14},"end":{"line":102,"column":null}},"loc":{"start":{"line":102,"column":14},"end":{"line":104,"column":5}}}},"branchMap":{"0":{"loc":{"start":{"line":6,"column":4},"end":{"line":9,"column":null}},"type":"if","locations":[{"start":{"line":6,"column":4},"end":{"line":9,"column":null}},{"start":{},"end":{}}]},"1":{"loc":{"start":{"line":16,"column":4},"end":{"line":18,"column":null}},"type":"if","locations":[{"start":{"line":16,"column":4},"end":{"line":18,"column":null}},{"start":{},"end":{}}]},"2":{"loc":{"start":{"line":23,"column":4},"end":{"line":25,"column":null}},"type":"if","locations":[{"start":{"line":23,"column":4},"end":{"line":25,"column":null}},{"start":{},"end":{}}]},"3":{"loc":{"start":{"line":29,"column":4},"end":{"line":31,"column":null}},"type":"if","locations":[{"start":{"line":29,"column":4},"end":{"line":31,"column":null}},{"start":{},"end":{}}]},"4":{"loc":{"start":{"line":38,"column":6},"end":{"line":40,"column":null}},"type":"if","locations":[{"start":{"line":38,"column":6},"end":{"line":40,"column":null}},{"start":{},"end":{}}]},"5":{"loc":{"start":{"line":44,"column":6},"end":{"line":46,"column":null}},"type":"if","locations":[{"start":{"line":44,"column":6},"end":{"line":46,"column":null}},{"start":{},"end":{}}]},"6":{"loc":{"start":{"line":53,"column":6},"end":{"line":55,"column":null}},"type":"if","locations":[{"start":{"line":53,"column":6},"end":{"line":55,"column":null}},{"start":{},"end":{}}]},"7":{"loc":{"start":{"line":59,"column":6},"end":{"line":61,"column":null}},"type":"if","locations":[{"start":{"line":59,"column":6},"end":{"line":61,"column":null}},{"start":{},"end":{}}]},"8":{"loc":{"start":{"line":68,"column":18},"end":{"line":68,"column":46}},"type":"binary-expr","locations":[{"start":{"line":68,"column":18},"end":{"line":68,"column":44}},{"start":{"line":68,"column":44},"end":{"line":68,"column":46}}]},"9":{"loc":{"start":{"line":69,"column":4},"end":{"line":69,"column":null}},"type":"if","locations":[{"start":{"line":69,"column":4},"end":{"line":69,"column":null}},{"start":{},"end":{}}]},"10":{"loc":{"start":{"line":79,"column":4},"end":{"line":79,"column":null}},"type":"if","locations":[{"start":{"line":79,"column":4},"end":{"line":79,"column":null}},{"start":{},"end":{}}]},"11":{"loc":{"start":{"line":101,"column":0},"end":{"line":105,"column":null}},"type":"if","locations":[{"start":{"line":101,"column":0},"end":{"line":105,"column":null}},{"start":{},"end":{}}]}},"s":{"0":0,"1":0,"2":0,"3":0,"4":0,"5":0,"6":0,"7":0,"8":0,"9":0,"10":0,"11":0,"12":0,"13":0,"14":0,"15":0,"16":0,"17":0,"18":0,"19":0,"20":0,"21":0,"22":0,"23":0,"24":0,"25":0,"26":0,"27":0,"28":0,"29":0,"30":0,"31":0,"32":0,"33":0,"34":0,"35":0,"36":0,"37":0,"38":0,"39":0,"40":0,"41":0,"42":0,"43":0,"44":0,"45":0,"46":0,"47":0,"48":0,"49":0,"50":0,"51":0,"52":0,"53":0},"f":{"0":0,"1":0,"2":0,"3":0,"4":0,"5":0,"6":0,"7":0,"8":0,"9":0,"10":0},"b":{"0":[0,0],"1":[0,0],"2":[0,0],"3":[0,0],"4":[0,0],"5":[0,0],"6":[0,0],"7":[0,0],"8":[0,0],"9":[0,0],"10":[0,0],"11":[0,0]}}
}
