TN:
SF:src\app\layout.tsx
FN:28,RootLayout
FNF:1
FNH:0
FNDA:0,RootLayout
DA:2,0
DA:3,0
DA:5,0
DA:7,0
DA:28,0
LF:5
LH:0
BRF:0
BRH:0
end_of_record
TN:
SF:src\app\page.tsx
FN:14,Home
FN:15,(anonymous_3)
FNF:2
FNH:0
FNDA:0,Home
FNDA:0,(anonymous_3)
DA:3,0
DA:4,0
DA:5,0
DA:6,0
DA:7,0
DA:8,0
DA:9,0
DA:10,0
DA:11,0
DA:12,0
DA:14,0
DA:15,0
DA:16,0
LF:13
LH:0
BRF:0
BRH:0
end_of_record
TN:
SF:src\components\Carousel\CarouselSection.tsx
FN:16,(anonymous_2)
FN:18,(anonymous_3)
FN:23,(anonymous_4)
FN:27,(anonymous_5)
FN:34,(anonymous_6)
FN:121,(anonymous_7)
FNF:6
FNH:0
FNDA:0,(anonymous_2)
FNDA:0,(anonymous_3)
FNDA:0,(anonymous_4)
FNDA:0,(anonymous_5)
FNDA:0,(anonymous_6)
FNDA:0,(anonymous_7)
DA:3,0
DA:4,0
DA:5,0
DA:6,0
DA:7,0
DA:8,0
DA:9,0
DA:10,0
DA:11,0
DA:12,0
DA:13,0
DA:14,0
DA:16,0
DA:17,0
DA:18,0
DA:19,0
DA:20,0
DA:23,0
DA:24,0
DA:25,0
DA:27,0
DA:28,0
DA:29,0
DA:30,0
DA:34,0
DA:35,0
DA:122,0
DA:148,0
LF:28
LH:0
BRDA:24,0,0,0
BRDA:24,0,1,0
BRDA:24,1,0,0
BRDA:24,1,1,0
BRDA:41,2,0,0
BRDA:41,2,1,0
BRDA:48,3,0,0
BRDA:50,4,0,0
BRDA:52,5,0,0
BRDA:131,6,0,0
BRF:10
BRH:0
end_of_record
TN:
SF:src\components\Carousel\NFTCard.tsx
FN:24,(anonymous_2)
FN:30,(anonymous_3)
FN:35,(anonymous_4)
FN:36,(anonymous_5)
FN:57,(anonymous_6)
FN:61,(anonymous_7)
FN:67,(anonymous_8)
FN:76,(anonymous_9)
FN:87,(anonymous_10)
FN:95,(anonymous_11)
FN:134,(anonymous_12)
FNF:11
FNH:7
FNDA:8,(anonymous_2)
FNDA:4,(anonymous_3)
FNDA:4,(anonymous_4)
FNDA:4,(anonymous_5)
FNDA:4,(anonymous_6)
FNDA:4,(anonymous_7)
FNDA:0,(anonymous_8)
FNDA:0,(anonymous_9)
FNDA:0,(anonymous_10)
FNDA:4,(anonymous_11)
FNDA:0,(anonymous_12)
DA:3,1
DA:4,1
DA:5,1
DA:7,1
DA:13,1
DA:24,1
DA:25,8
DA:26,8
DA:27,8
DA:28,8
DA:30,8
DA:31,4
DA:32,4
DA:35,8
DA:36,4
DA:37,4
DA:38,4
DA:39,4
DA:41,4
DA:42,4
DA:43,4
DA:44,4
DA:46,4
DA:50,0
DA:54,4
DA:55,4
DA:57,4
DA:61,8
DA:62,4
DA:64,4
DA:66,4
DA:68,0
DA:69,0
DA:71,0
DA:72,0
DA:73,0
DA:77,0
DA:78,0
DA:80,0
DA:81,0
DA:87,4
DA:88,0
DA:89,0
DA:90,0
DA:91,0
DA:95,4
DA:96,4
DA:97,4
DA:98,4
DA:134,4
DA:136,0
LF:51
LH:36
BRDA:41,0,0,4
BRDA:41,0,1,0
BRDA:68,1,0,0
BRDA:68,1,1,0
BRDA:68,2,0,0
BRDA:68,2,1,0
BRDA:77,3,0,0
BRDA:77,3,1,0
BRDA:80,4,0,0
BRDA:80,4,1,0
BRDA:88,5,0,0
BRDA:88,5,1,0
BRDA:88,6,0,0
BRDA:88,6,1,0
BRDA:105,7,0,8
BRDA:120,8,0,8
BRDA:137,9,0,0
BRDA:137,9,1,0
BRDA:137,9,2,0
BRF:19
BRH:3
end_of_record
TN:
SF:src\components\CreateSection\CreateSection.tsx
FN:8,(anonymous_2)
FN:13,(anonymous_3)
FN:14,(anonymous_4)
FN:26,(anonymous_5)
FNF:4
FNH:4
FNDA:3,(anonymous_2)
FNDA:3,(anonymous_3)
FNDA:3,(anonymous_4)
FNDA:3,(anonymous_5)
DA:3,1
DA:4,1
DA:5,1
DA:6,1
DA:8,1
DA:9,3
DA:10,3
DA:11,3
DA:13,3
DA:14,3
DA:15,3
DA:16,0
DA:18,3
DA:23,3
DA:25,3
DA:26,3
DA:58,3
LF:17
LH:16
BRDA:15,0,0,0
BRDA:15,0,1,3
BRDA:30,1,0,3
BRDA:30,1,1,0
BRF:4
BRH:2
end_of_record
TN:
SF:src\components\Footer\Footer.tsx
FN:4,(anonymous_2)
FNF:1
FNH:1
FNDA:3,(anonymous_2)
DA:1,1
DA:2,1
DA:4,1
DA:86,3
LF:4
LH:4
BRF:0
BRH:0
end_of_record
TN:
SF:src\components\Header\BurgerMenu.tsx
FN:12,(anonymous_2)
FN:14,(anonymous_3)
FNF:2
FNH:2
FNDA:6,(anonymous_2)
FNDA:5,(anonymous_3)
DA:3,1
DA:4,1
DA:5,1
DA:12,1
DA:14,6
DA:15,5
DA:16,1
DA:18,4
DA:55,6
LF:9
LH:9
BRDA:15,0,0,1
BRDA:15,0,1,4
BRDA:23,1,0,1
BRDA:23,1,1,5
BRF:4
BRH:4
end_of_record
TN:
SF:src\components\Header\Header.tsx
FN:8,(anonymous_2)
FN:12,(anonymous_3)
FN:13,(anonymous_4)
FN:18,(anonymous_5)
FN:21,(anonymous_6)
FNF:5
FNH:5
FNDA:6,(anonymous_2)
FNDA:4,(anonymous_3)
FNDA:1,(anonymous_4)
FNDA:4,(anonymous_5)
FNDA:1,(anonymous_6)
DA:3,1
DA:4,1
DA:5,1
DA:6,1
DA:8,1
DA:9,6
DA:10,6
DA:12,6
DA:13,4
DA:14,1
DA:17,4
DA:18,4
DA:21,6
DA:22,1
DA:92,4
LF:15
LH:15
BRDA:27,0,0,1
BRDA:27,0,1,5
BRDA:72,1,0,1
BRDA:72,1,1,5
BRDA:75,2,0,1
BRF:5
BRH:5
end_of_record
TN:
SF:src\components\Hero\AnimatedCounter.tsx
FN:12,(anonymous_1)
FN:23,(anonymous_2)
FN:26,(anonymous_3)
FN:48,(anonymous_4)
FNF:4
FNH:4
FNDA:4,(anonymous_1)
FNDA:2,(anonymous_2)
FNDA:31,(anonymous_3)
FNDA:2,(anonymous_4)
DA:3,1
DA:12,1
DA:18,4
DA:19,4
DA:20,4
DA:21,4
DA:23,4
DA:24,2
DA:26,2
DA:27,31
DA:28,2
DA:31,31
DA:32,31
DA:35,31
DA:37,31
DA:39,31
DA:40,29
DA:42,2
DA:46,2
DA:48,2
DA:49,2
DA:50,2
DA:63,2
LF:23
LH:23
BRDA:14,0,0,0
BRDA:15,1,0,2
BRDA:24,2,0,0
BRDA:24,2,1,2
BRDA:27,3,0,2
BRDA:27,3,1,29
BRDA:39,4,0,29
BRDA:39,4,1,2
BRDA:49,5,0,2
BRDA:49,5,1,0
BRF:10
BRH:7
end_of_record
TN:
SF:src\components\Hero\HeroSection.tsx
FN:11,(anonymous_2)
FN:15,(anonymous_3)
FN:100,(anonymous_4)
FN:106,(anonymous_5)
FNF:4
FNH:0
FNDA:0,(anonymous_2)
FNDA:0,(anonymous_3)
FNDA:0,(anonymous_4)
FNDA:0,(anonymous_5)
DA:3,0
DA:4,0
DA:5,0
DA:6,0
DA:7,0
DA:8,0
DA:9,0
DA:11,0
DA:12,0
DA:13,0
DA:15,0
DA:16,0
DA:19,0
DA:22,0
DA:27,0
DA:48,0
DA:52,0
DA:71,0
DA:72,0
DA:81,0
DA:100,0
DA:101,0
DA:102,0
DA:106,0
DA:107,0
DA:265,0
LF:26
LH:0
BRDA:16,0,0,0
BRDA:16,0,1,0
BRDA:27,1,0,0
BRDA:27,1,1,0
BRDA:71,2,0,0
BRDA:71,2,1,0
BRDA:71,3,0,0
BRDA:71,3,1,0
BRDA:101,4,0,0
BRDA:101,4,1,0
BRF:10
BRH:0
end_of_record
TN:
SF:src\components\Hero\ParticlesCanvas.tsx
FN:13,(anonymous_1)
FN:18,(anonymous_2)
FN:26,(anonymous_3)
FN:59,(anonymous_4)
FN:66,(anonymous_5)
FN:85,(anonymous_6)
FN:86,(anonymous_7)
FN:109,(anonymous_8)
FNF:8
FNH:0
FNDA:0,(anonymous_1)
FNDA:0,(anonymous_2)
FNDA:0,(anonymous_3)
FNDA:0,(anonymous_4)
FNDA:0,(anonymous_5)
FNDA:0,(anonymous_6)
FNDA:0,(anonymous_7)
FNDA:0,(anonymous_8)
DA:3,0
DA:13,0
DA:14,0
DA:15,0
DA:16,0
DA:18,0
DA:19,0
DA:20,0
DA:22,0
DA:23,0
DA:26,0
DA:27,0
DA:28,0
DA:30,0
DA:31,0
DA:33,0
DA:35,0
DA:36,0
DA:39,0
DA:40,0
DA:43,0
DA:44,0
DA:46,0
DA:47,0
DA:48,0
DA:58,0
DA:59,0
DA:60,0
DA:61,0
DA:64,0
DA:66,0
DA:68,0
DA:69,0
DA:72,0
DA:73,0
DA:76,0
DA:77,0
DA:78,0
DA:79,0
DA:83,0
DA:84,0
DA:85,0
DA:86,0
DA:87,0
DA:88,0
DA:89,0
DA:91,0
DA:92,0
DA:93,0
DA:94,0
DA:95,0
DA:96,0
DA:97,0
DA:98,0
DA:104,0
DA:107,0
DA:109,0
DA:110,0
DA:111,0
DA:112,0
DA:134,0
LF:61
LH:0
BRDA:20,0,0,0
BRDA:20,0,1,0
BRDA:23,1,0,0
BRDA:23,1,1,0
BRDA:27,2,0,0
BRDA:27,2,1,0
BRDA:44,3,0,0
BRDA:44,3,1,0
BRDA:72,4,0,0
BRDA:72,4,1,0
BRDA:72,5,0,0
BRDA:72,5,1,0
BRDA:73,6,0,0
BRDA:73,6,1,0
BRDA:73,7,0,0
BRDA:73,7,1,0
BRDA:83,8,0,0
BRDA:83,8,1,0
BRDA:91,9,0,0
BRDA:91,9,1,0
BRDA:111,10,0,0
BRDA:111,10,1,0
BRF:22
BRH:0
end_of_record
TN:
SF:src\components\common\ErrorBoundary.tsx
FN:17,(anonymous_2)
FN:25,(anonymous_3)
FN:32,(anonymous_4)
FN:38,(anonymous_5)
FN:47,(anonymous_6)
FNF:5
FNH:0
FNDA:0,(anonymous_2)
FNDA:0,(anonymous_3)
FNDA:0,(anonymous_4)
FNDA:0,(anonymous_5)
FNDA:0,(anonymous_6)
DA:3,0
DA:4,0
DA:18,0
DA:19,0
DA:26,0
DA:33,0
DA:39,0
DA:47,0
DA:58,0
DA:62,0
LF:10
LH:0
BRDA:39,0,0,0
BRDA:39,0,1,0
BRDA:41,1,0,0
BRF:3
BRH:0
end_of_record
TN:
SF:src\hooks\useIntersectionObserver.ts
FN:11,(anonymous_1)
FN:17,(anonymous_2)
FN:19,(anonymous_3)
FN:32,(anonymous_4)
FNF:4
FNH:0
FNDA:0,(anonymous_1)
FNDA:0,(anonymous_2)
FNDA:0,(anonymous_3)
FNDA:0,(anonymous_4)
DA:3,0
DA:11,0
DA:15,0
DA:17,0
DA:18,0
DA:20,0
DA:21,0
DA:22,0
DA:28,0
DA:29,0
DA:32,0
DA:33,0
DA:34,0
DA:39,0
DA:42,0
LF:15
LH:0
BRDA:20,0,0,0
BRDA:20,0,1,0
BRDA:28,1,0,0
BRDA:28,1,1,0
BRDA:33,2,0,0
BRDA:33,2,1,0
BRF:6
BRH:0
end_of_record
TN:
SF:src\services\api.ts
FN:10,(anonymous_2)
FN:19,(anonymous_3)
FNF:2
FNH:0
FNDA:0,(anonymous_2)
FNDA:0,(anonymous_3)
DA:1,0
DA:3,0
DA:10,0
DA:11,0
DA:12,0
DA:19,0
DA:24,0
DA:27,0
LF:8
LH:0
BRF:0
BRH:0
end_of_record
TN:
SF:src\services\websocket.ts
FN:7,(anonymous_1)
FN:12,(anonymous_2)
FN:19,(anonymous_3)
FN:30,(anonymous_4)
FN:37,(anonymous_5)
FN:51,(anonymous_6)
FN:57,(anonymous_7)
FN:63,(anonymous_8)
FN:70,(anonymous_9)
FNF:9
FNH:3
FNDA:6,(anonymous_1)
FNDA:0,(anonymous_2)
FNDA:0,(anonymous_3)
FNDA:0,(anonymous_4)
FNDA:0,(anonymous_5)
FNDA:0,(anonymous_6)
FNDA:0,(anonymous_7)
FNDA:7,(anonymous_8)
FNDA:1,(anonymous_9)
DA:1,6
DA:2,6
DA:3,6
DA:4,6
DA:5,6
DA:8,6
DA:10,6
DA:12,6
DA:13,0
DA:14,0
DA:16,0
DA:19,6
DA:20,0
DA:21,0
DA:22,0
DA:24,0
DA:25,0
DA:30,6
DA:31,0
DA:32,0
DA:37,6
DA:38,0
DA:39,0
DA:41,0
DA:44,0
DA:45,0
DA:47,0
DA:55,0
DA:56,0
DA:57,0
DA:58,0
DA:64,7
DA:65,6
DA:66,6
DA:71,1
LF:35
LH:15
BRDA:13,0,0,0
BRDA:13,0,1,0
BRDA:24,1,0,0
BRDA:24,1,1,0
BRDA:31,2,0,0
BRDA:31,2,1,0
BRDA:38,3,0,0
BRDA:38,3,1,0
BRDA:44,4,0,0
BRDA:44,4,1,0
BRDA:47,5,0,0
BRDA:47,5,1,0
BRDA:55,6,0,0
BRDA:55,6,1,0
BRDA:64,7,0,6
BRDA:64,7,1,1
BRDA:71,8,0,1
BRDA:71,8,1,0
BRF:18
BRH:3
end_of_record
TN:
SF:src\store\hooks.ts
FN:4,(anonymous_3)
FNF:1
FNH:0
FNDA:0,(anonymous_3)
DA:1,0
DA:4,0
DA:5,0
LF:3
LH:0
BRF:0
BRH:0
end_of_record
TN:
SF:src\store\index.ts
FNF:0
FNH:0
DA:1,0
DA:2,0
DA:4,0
LF:3
LH:0
BRF:0
BRH:0
end_of_record
TN:
SF:src\store\slices\nftSlice.ts
FN:10,(anonymous_3)
FN:14,(anonymous_4)
FN:34,(anonymous_5)
FN:36,(anonymous_6)
FN:40,(anonymous_7)
FN:44,(anonymous_8)
FNF:6
FNH:5
FNDA:1,(anonymous_3)
FNDA:2,(anonymous_4)
FNDA:1,(anonymous_5)
FNDA:2,(anonymous_6)
FNDA:1,(anonymous_7)
FNDA:0,(anonymous_8)
DA:1,1
DA:2,1
DA:3,1
DA:4,1
DA:8,2
DA:11,1
DA:14,2
DA:24,1
DA:30,1
DA:35,1
DA:37,2
DA:38,2
DA:41,1
DA:42,1
DA:45,0
DA:46,0
DA:51,3
LF:17
LH:15
BRDA:46,0,0,0
BRDA:46,0,1,0
BRF:2
BRH:0
end_of_record
TN:
SF:src\utils\animations.ts
FN:6,(anonymous_1)
FN:9,(anonymous_2)
FNF:2
FNH:0
FNDA:0,(anonymous_1)
FNDA:0,(anonymous_2)
DA:1,0
DA:2,0
DA:4,0
DA:6,0
DA:7,0
DA:9,0
DA:10,0
LF:7
LH:0
BRF:0
BRH:0
end_of_record
TN:
SF:src\utils\dataGenerators.ts
FN:1,(anonymous_3)
FN:6,(anonymous_4)
FNF:2
FNH:2
FNDA:2,(anonymous_3)
FNDA:2,(anonymous_4)
DA:1,2
DA:2,2
DA:3,2
DA:6,2
DA:7,2
DA:8,2
DA:9,2
DA:10,2
DA:12,2
DA:19,2
LF:10
LH:10
BRF:0
BRH:0
end_of_record
TN:
SF:src\utils\imageRandomizer.ts
FN:9,(anonymous_1)
FNF:1
FNH:1
FNDA:2,(anonymous_1)
DA:1,1
DA:9,2
DA:10,2
DA:11,2
LF:4
LH:4
BRF:0
BRH:0
end_of_record
TN:
SF:src\utils\performance.ts
FN:5,(anonymous_1)
FN:28,(anonymous_2)
FN:34,(anonymous_3)
FN:49,(anonymous_4)
FN:67,(anonymous_5)
FN:71,(anonymous_6)
FN:78,(anonymous_7)
FN:83,(anonymous_8)
FN:85,(anonymous_9)
FN:93,(anonymous_10)
FN:102,(anonymous_12)
FNF:11
FNH:0
FNDA:0,(anonymous_1)
FNDA:0,(anonymous_2)
FNDA:0,(anonymous_3)
FNDA:0,(anonymous_4)
FNDA:0,(anonymous_5)
FNDA:0,(anonymous_6)
FNDA:0,(anonymous_7)
FNDA:0,(anonymous_8)
FNDA:0,(anonymous_9)
FNDA:0,(anonymous_10)
FNDA:0,(anonymous_12)
DA:2,0
DA:3,0
DA:6,0
DA:7,0
DA:8,0
DA:11,0
DA:12,0
DA:13,0
DA:14,0
DA:16,0
DA:17,0
DA:20,0
DA:23,0
DA:24,0
DA:29,0
DA:30,0
DA:33,0
DA:34,0
DA:35,0
DA:36,0
DA:38,0
DA:39,0
DA:42,0
DA:44,0
DA:45,0
DA:48,0
DA:50,0
DA:51,0
DA:53,0
DA:54,0
DA:57,0
DA:59,0
DA:60,0
DA:63,0
DA:68,0
DA:69,0
DA:71,0
DA:72,0
DA:73,0
DA:75,0
DA:79,0
DA:81,0
DA:82,0
DA:83,0
DA:85,0
DA:94,0
DA:98,0
DA:101,0
DA:102,0
DA:103,0
LF:50
LH:0
BRDA:6,0,0,0
BRDA:6,0,1,0
BRDA:16,1,0,0
BRDA:16,1,1,0
BRDA:23,2,0,0
BRDA:23,2,1,0
BRDA:29,3,0,0
BRDA:29,3,1,0
BRDA:38,4,0,0
BRDA:38,4,1,0
BRDA:44,5,0,0
BRDA:44,5,1,0
BRDA:53,6,0,0
BRDA:53,6,1,0
BRDA:59,7,0,0
BRDA:59,7,1,0
BRDA:68,8,0,0
BRDA:68,8,1,0
BRDA:69,9,0,0
BRDA:69,9,1,0
BRDA:79,10,0,0
BRDA:79,10,1,0
BRDA:101,11,0,0
BRDA:101,11,1,0
BRF:24
BRH:0
end_of_record
